09:04:23.440 [main] WARN  net.sf.ehcache.DiskStorePathManager - diskStorePath '/var/folders/44/kbqf7ch91mqg72spqtzm92f00000gn/T' is already used by an existing CacheManager either in the same VM or in a different process.
The diskStore path for this CacheManager will be set to /var/folders/44/kbqf7ch91mqg72spqtzm92f00000gn/T/ehcache_auto_created6626325512022485889diskstore.
To avoid this warning consider using the CacheManager factory methods to create a singleton CacheManager or specifying a separate ehcache configuration (ehcache.xml) for each CacheManager instance.
09:20:20.884 [qtp1400708956-32] ERROR c.m.w.webapi.DefaultExceptionHandler - 
java.lang.Exception: java.security.InvalidKeyException: Wrong algorithm: AES or Rijndael required
	at cn.meyoung.wlfz.webapi.utils.AesUtils.encode(AesUtils.java:46) ~[classes/:na]
	at cn.meyoung.wlfz.webapi.controller.UserController.login(UserController.java:41) ~[classes/:na]
	at sun.reflect.NativeMethodAccessorImpl.invoke0(Native Method) ~[na:1.7.0_71]
	at sun.reflect.NativeMethodAccessorImpl.invoke(NativeMethodAccessorImpl.java:57) ~[na:1.7.0_71]
	at sun.reflect.DelegatingMethodAccessorImpl.invoke(DelegatingMethodAccessorImpl.java:43) ~[na:1.7.0_71]
	at java.lang.reflect.Method.invoke(Method.java:606) ~[na:1.7.0_71]
	at org.springframework.web.method.support.InvocableHandlerMethod.invoke(InvocableHandlerMethod.java:215) ~[spring-web-4.0.5.RELEASE.jar:4.0.5.RELEASE]
	at org.springframework.web.method.support.InvocableHandlerMethod.invokeForRequest(InvocableHandlerMethod.java:132) ~[spring-web-4.0.5.RELEASE.jar:4.0.5.RELEASE]
	at org.springframework.web.servlet.mvc.method.annotation.ServletInvocableHandlerMethod.invokeAndHandle(ServletInvocableHandlerMethod.java:104) ~[spring-webmvc-4.0.5.RELEASE.jar:4.0.5.RELEASE]
	at org.springframework.web.servlet.mvc.method.annotation.RequestMappingHandlerAdapter.invokeHandleMethod(RequestMappingHandlerAdapter.java:749) ~[spring-webmvc-4.0.5.RELEASE.jar:4.0.5.RELEASE]
	at org.springframework.web.servlet.mvc.method.annotation.RequestMappingHandlerAdapter.handleInternal(RequestMappingHandlerAdapter.java:689) ~[spring-webmvc-4.0.5.RELEASE.jar:4.0.5.RELEASE]
	at org.springframework.web.servlet.mvc.method.AbstractHandlerMethodAdapter.handle(AbstractHandlerMethodAdapter.java:83) ~[spring-webmvc-4.0.5.RELEASE.jar:4.0.5.RELEASE]
	at org.springframework.web.servlet.DispatcherServlet.doDispatch(DispatcherServlet.java:938) ~[spring-webmvc-4.0.5.RELEASE.jar:4.0.5.RELEASE]
	at org.springframework.web.servlet.DispatcherServlet.doService(DispatcherServlet.java:870) ~[spring-webmvc-4.0.5.RELEASE.jar:4.0.5.RELEASE]
	at org.springframework.web.servlet.FrameworkServlet.processRequest(FrameworkServlet.java:961) [spring-webmvc-4.0.5.RELEASE.jar:4.0.5.RELEASE]
	at org.springframework.web.servlet.FrameworkServlet.doPost(FrameworkServlet.java:863) [spring-webmvc-4.0.5.RELEASE.jar:4.0.5.RELEASE]
	at javax.servlet.http.HttpServlet.service(HttpServlet.java:727) [javax.servlet-2.5.0.v201103041518.jar:na]
	at org.springframework.web.servlet.FrameworkServlet.service(FrameworkServlet.java:837) [spring-webmvc-4.0.5.RELEASE.jar:4.0.5.RELEASE]
	at javax.servlet.http.HttpServlet.service(HttpServlet.java:820) [javax.servlet-2.5.0.v201103041518.jar:na]
	at org.eclipse.jetty.servlet.ServletHolder.handle(ServletHolder.java:652) [jetty-servlet-7.6.15.v20140411.jar:7.6.15.v20140411]
	at org.eclipse.jetty.servlet.ServletHandler$CachedChain.doFilter(ServletHandler.java:1317) [jetty-servlet-7.6.15.v20140411.jar:7.6.15.v20140411]
	at org.springframework.web.filter.HttpPutFormContentFilter.doFilterInternal(HttpPutFormContentFilter.java:88) [spring-web-4.0.5.RELEASE.jar:4.0.5.RELEASE]
	at org.springframework.web.filter.OncePerRequestFilter.doFilter(OncePerRequestFilter.java:107) [spring-web-4.0.5.RELEASE.jar:4.0.5.RELEASE]
	at org.eclipse.jetty.servlet.ServletHandler$CachedChain.doFilter(ServletHandler.java:1288) [jetty-servlet-7.6.15.v20140411.jar:7.6.15.v20140411]
	at com.alibaba.druid.support.http.WebStatFilter.doFilter(WebStatFilter.java:124) [druid-1.0.5.jar:1.0.5]
	at org.eclipse.jetty.servlet.ServletHandler$CachedChain.doFilter(ServletHandler.java:1288) [jetty-servlet-7.6.15.v20140411.jar:7.6.15.v20140411]
	at org.springframework.web.filter.CharacterEncodingFilter.doFilterInternal(CharacterEncodingFilter.java:88) [spring-web-4.0.5.RELEASE.jar:4.0.5.RELEASE]
	at org.springframework.web.filter.OncePerRequestFilter.doFilter(OncePerRequestFilter.java:107) [spring-web-4.0.5.RELEASE.jar:4.0.5.RELEASE]
	at org.eclipse.jetty.servlet.ServletHandler$CachedChain.doFilter(ServletHandler.java:1288) [jetty-servlet-7.6.15.v20140411.jar:7.6.15.v20140411]
	at org.eclipse.jetty.servlet.ServletHandler.doHandle(ServletHandler.java:443) [jetty-servlet-7.6.15.v20140411.jar:7.6.15.v20140411]
	at org.eclipse.jetty.server.handler.ScopedHandler.handle(ScopedHandler.java:137) [jetty-server-7.6.15.v20140411.jar:7.6.15.v20140411]
	at org.eclipse.jetty.security.SecurityHandler.handle(SecurityHandler.java:556) [jetty-security-7.6.15.v20140411.jar:7.6.15.v20140411]
	at org.eclipse.jetty.server.session.SessionHandler.doHandle(SessionHandler.java:227) [jetty-server-7.6.15.v20140411.jar:7.6.15.v20140411]
	at org.eclipse.jetty.server.handler.ContextHandler.doHandle(ContextHandler.java:1044) [jetty-server-7.6.15.v20140411.jar:7.6.15.v20140411]
	at org.eclipse.jetty.servlet.ServletHandler.doScope(ServletHandler.java:372) [jetty-servlet-7.6.15.v20140411.jar:7.6.15.v20140411]
	at org.eclipse.jetty.server.session.SessionHandler.doScope(SessionHandler.java:189) [jetty-server-7.6.15.v20140411.jar:7.6.15.v20140411]
	at org.eclipse.jetty.server.handler.ContextHandler.doScope(ContextHandler.java:978) [jetty-server-7.6.15.v20140411.jar:7.6.15.v20140411]
	at org.eclipse.jetty.server.handler.ScopedHandler.handle(ScopedHandler.java:135) [jetty-server-7.6.15.v20140411.jar:7.6.15.v20140411]
	at org.eclipse.jetty.server.handler.ContextHandlerCollection.handle(ContextHandlerCollection.java:255) [jetty-server-7.6.15.v20140411.jar:7.6.15.v20140411]
	at org.eclipse.jetty.server.handler.HandlerCollection.handle(HandlerCollection.java:154) [jetty-server-7.6.15.v20140411.jar:7.6.15.v20140411]
	at org.eclipse.jetty.server.handler.HandlerWrapper.handle(HandlerWrapper.java:116) [jetty-server-7.6.15.v20140411.jar:7.6.15.v20140411]
	at org.eclipse.jetty.server.Server.handle(Server.java:369) [jetty-server-7.6.15.v20140411.jar:7.6.15.v20140411]
	at org.eclipse.jetty.server.AbstractHttpConnection.handleRequest(AbstractHttpConnection.java:486) [jetty-server-7.6.15.v20140411.jar:7.6.15.v20140411]
	at org.eclipse.jetty.server.AbstractHttpConnection.headerComplete(AbstractHttpConnection.java:933) [jetty-server-7.6.15.v20140411.jar:7.6.15.v20140411]
	at org.eclipse.jetty.server.AbstractHttpConnection$RequestHandler.headerComplete(AbstractHttpConnection.java:995) [jetty-server-7.6.15.v20140411.jar:7.6.15.v20140411]
	at org.eclipse.jetty.http.HttpParser.parseNext(HttpParser.java:644) [jetty-http-7.6.15.v20140411.jar:7.6.15.v20140411]
	at org.eclipse.jetty.http.HttpParser.parseAvailable(HttpParser.java:235) [jetty-http-7.6.15.v20140411.jar:7.6.15.v20140411]
	at org.eclipse.jetty.server.AsyncHttpConnection.handle(AsyncHttpConnection.java:82) [jetty-server-7.6.15.v20140411.jar:7.6.15.v20140411]
	at org.eclipse.jetty.io.nio.SelectChannelEndPoint.handle(SelectChannelEndPoint.java:667) [jetty-io-7.6.15.v20140411.jar:7.6.15.v20140411]
	at org.eclipse.jetty.io.nio.SelectChannelEndPoint$1.run(SelectChannelEndPoint.java:52) [jetty-io-7.6.15.v20140411.jar:7.6.15.v20140411]
	at org.eclipse.jetty.util.thread.QueuedThreadPool.runJob(QueuedThreadPool.java:608) [jetty-util-7.6.15.v20140411.jar:7.6.15.v20140411]
	at org.eclipse.jetty.util.thread.QueuedThreadPool$3.run(QueuedThreadPool.java:543) [jetty-util-7.6.15.v20140411.jar:7.6.15.v20140411]
	at java.lang.Thread.run(Thread.java:745) [na:1.7.0_71]
Caused by: java.security.InvalidKeyException: Wrong algorithm: AES or Rijndael required
	at com.sun.crypto.provider.AESCrypt.init(AESCrypt.java:83) ~[sunjce_provider.jar:1.7.0_80]
	at com.sun.crypto.provider.CipherBlockChaining.init(CipherBlockChaining.java:91) ~[sunjce_provider.jar:1.7.0_80]
	at com.sun.crypto.provider.CipherCore.init(CipherCore.java:469) ~[sunjce_provider.jar:1.7.0_80]
	at com.sun.crypto.provider.AESCipher.engineInit(AESCipher.java:217) ~[sunjce_provider.jar:1.7.0_80]
	at javax.crypto.Cipher.implInit(Cipher.java:791) ~[na:1.7.0_71]
	at javax.crypto.Cipher.chooseProvider(Cipher.java:849) ~[na:1.7.0_71]
	at javax.crypto.Cipher.init(Cipher.java:1348) ~[na:1.7.0_71]
	at javax.crypto.Cipher.init(Cipher.java:1282) ~[na:1.7.0_71]
	at cn.meyoung.wlfz.webapi.utils.AesUtils.encode(AesUtils.java:40) ~[classes/:na]
	... 52 common frames omitted
09:43:25.600 [qtp2055710597-35] ERROR c.m.w.webapi.DefaultExceptionHandler - 
java.lang.Exception: javax.crypto.BadPaddingException: Given final block not properly padded
	at cn.meyoung.wlfz.webapi.utils.AesUtils.decode(AesUtils.java:74) ~[classes/:na]
	at cn.meyoung.wlfz.webapi.controller.UserController.login(UserController.java:43) ~[classes/:na]
	at sun.reflect.NativeMethodAccessorImpl.invoke0(Native Method) ~[na:1.7.0_71]
	at sun.reflect.NativeMethodAccessorImpl.invoke(NativeMethodAccessorImpl.java:57) ~[na:1.7.0_71]
	at sun.reflect.DelegatingMethodAccessorImpl.invoke(DelegatingMethodAccessorImpl.java:43) ~[na:1.7.0_71]
	at java.lang.reflect.Method.invoke(Method.java:606) ~[na:1.7.0_71]
	at org.springframework.web.method.support.InvocableHandlerMethod.invoke(InvocableHandlerMethod.java:215) ~[spring-web-4.0.5.RELEASE.jar:4.0.5.RELEASE]
	at org.springframework.web.method.support.InvocableHandlerMethod.invokeForRequest(InvocableHandlerMethod.java:132) ~[spring-web-4.0.5.RELEASE.jar:4.0.5.RELEASE]
	at org.springframework.web.servlet.mvc.method.annotation.ServletInvocableHandlerMethod.invokeAndHandle(ServletInvocableHandlerMethod.java:104) ~[spring-webmvc-4.0.5.RELEASE.jar:4.0.5.RELEASE]
	at org.springframework.web.servlet.mvc.method.annotation.RequestMappingHandlerAdapter.invokeHandleMethod(RequestMappingHandlerAdapter.java:749) ~[spring-webmvc-4.0.5.RELEASE.jar:4.0.5.RELEASE]
	at org.springframework.web.servlet.mvc.method.annotation.RequestMappingHandlerAdapter.handleInternal(RequestMappingHandlerAdapter.java:689) ~[spring-webmvc-4.0.5.RELEASE.jar:4.0.5.RELEASE]
	at org.springframework.web.servlet.mvc.method.AbstractHandlerMethodAdapter.handle(AbstractHandlerMethodAdapter.java:83) ~[spring-webmvc-4.0.5.RELEASE.jar:4.0.5.RELEASE]
	at org.springframework.web.servlet.DispatcherServlet.doDispatch(DispatcherServlet.java:938) ~[spring-webmvc-4.0.5.RELEASE.jar:4.0.5.RELEASE]
	at org.springframework.web.servlet.DispatcherServlet.doService(DispatcherServlet.java:870) ~[spring-webmvc-4.0.5.RELEASE.jar:4.0.5.RELEASE]
	at org.springframework.web.servlet.FrameworkServlet.processRequest(FrameworkServlet.java:961) [spring-webmvc-4.0.5.RELEASE.jar:4.0.5.RELEASE]
	at org.springframework.web.servlet.FrameworkServlet.doPost(FrameworkServlet.java:863) [spring-webmvc-4.0.5.RELEASE.jar:4.0.5.RELEASE]
	at javax.servlet.http.HttpServlet.service(HttpServlet.java:727) [javax.servlet-2.5.0.v201103041518.jar:na]
	at org.springframework.web.servlet.FrameworkServlet.service(FrameworkServlet.java:837) [spring-webmvc-4.0.5.RELEASE.jar:4.0.5.RELEASE]
	at javax.servlet.http.HttpServlet.service(HttpServlet.java:820) [javax.servlet-2.5.0.v201103041518.jar:na]
	at org.eclipse.jetty.servlet.ServletHolder.handle(ServletHolder.java:652) [jetty-servlet-7.6.15.v20140411.jar:7.6.15.v20140411]
	at org.eclipse.jetty.servlet.ServletHandler$CachedChain.doFilter(ServletHandler.java:1317) [jetty-servlet-7.6.15.v20140411.jar:7.6.15.v20140411]
	at org.springframework.web.filter.HttpPutFormContentFilter.doFilterInternal(HttpPutFormContentFilter.java:88) [spring-web-4.0.5.RELEASE.jar:4.0.5.RELEASE]
	at org.springframework.web.filter.OncePerRequestFilter.doFilter(OncePerRequestFilter.java:107) [spring-web-4.0.5.RELEASE.jar:4.0.5.RELEASE]
	at org.eclipse.jetty.servlet.ServletHandler$CachedChain.doFilter(ServletHandler.java:1288) [jetty-servlet-7.6.15.v20140411.jar:7.6.15.v20140411]
	at com.alibaba.druid.support.http.WebStatFilter.doFilter(WebStatFilter.java:124) [druid-1.0.5.jar:1.0.5]
	at org.eclipse.jetty.servlet.ServletHandler$CachedChain.doFilter(ServletHandler.java:1288) [jetty-servlet-7.6.15.v20140411.jar:7.6.15.v20140411]
	at org.springframework.web.filter.CharacterEncodingFilter.doFilterInternal(CharacterEncodingFilter.java:88) [spring-web-4.0.5.RELEASE.jar:4.0.5.RELEASE]
	at org.springframework.web.filter.OncePerRequestFilter.doFilter(OncePerRequestFilter.java:107) [spring-web-4.0.5.RELEASE.jar:4.0.5.RELEASE]
	at org.eclipse.jetty.servlet.ServletHandler$CachedChain.doFilter(ServletHandler.java:1288) [jetty-servlet-7.6.15.v20140411.jar:7.6.15.v20140411]
	at org.eclipse.jetty.servlet.ServletHandler.doHandle(ServletHandler.java:443) [jetty-servlet-7.6.15.v20140411.jar:7.6.15.v20140411]
	at org.eclipse.jetty.server.handler.ScopedHandler.handle(ScopedHandler.java:137) [jetty-server-7.6.15.v20140411.jar:7.6.15.v20140411]
	at org.eclipse.jetty.security.SecurityHandler.handle(SecurityHandler.java:556) [jetty-security-7.6.15.v20140411.jar:7.6.15.v20140411]
	at org.eclipse.jetty.server.session.SessionHandler.doHandle(SessionHandler.java:227) [jetty-server-7.6.15.v20140411.jar:7.6.15.v20140411]
	at org.eclipse.jetty.server.handler.ContextHandler.doHandle(ContextHandler.java:1044) [jetty-server-7.6.15.v20140411.jar:7.6.15.v20140411]
	at org.eclipse.jetty.servlet.ServletHandler.doScope(ServletHandler.java:372) [jetty-servlet-7.6.15.v20140411.jar:7.6.15.v20140411]
	at org.eclipse.jetty.server.session.SessionHandler.doScope(SessionHandler.java:189) [jetty-server-7.6.15.v20140411.jar:7.6.15.v20140411]
	at org.eclipse.jetty.server.handler.ContextHandler.doScope(ContextHandler.java:978) [jetty-server-7.6.15.v20140411.jar:7.6.15.v20140411]
	at org.eclipse.jetty.server.handler.ScopedHandler.handle(ScopedHandler.java:135) [jetty-server-7.6.15.v20140411.jar:7.6.15.v20140411]
	at org.eclipse.jetty.server.handler.ContextHandlerCollection.handle(ContextHandlerCollection.java:255) [jetty-server-7.6.15.v20140411.jar:7.6.15.v20140411]
	at org.eclipse.jetty.server.handler.HandlerCollection.handle(HandlerCollection.java:154) [jetty-server-7.6.15.v20140411.jar:7.6.15.v20140411]
	at org.eclipse.jetty.server.handler.HandlerWrapper.handle(HandlerWrapper.java:116) [jetty-server-7.6.15.v20140411.jar:7.6.15.v20140411]
	at org.eclipse.jetty.server.Server.handle(Server.java:369) [jetty-server-7.6.15.v20140411.jar:7.6.15.v20140411]
	at org.eclipse.jetty.server.AbstractHttpConnection.handleRequest(AbstractHttpConnection.java:486) [jetty-server-7.6.15.v20140411.jar:7.6.15.v20140411]
	at org.eclipse.jetty.server.AbstractHttpConnection.headerComplete(AbstractHttpConnection.java:933) [jetty-server-7.6.15.v20140411.jar:7.6.15.v20140411]
	at org.eclipse.jetty.server.AbstractHttpConnection$RequestHandler.headerComplete(AbstractHttpConnection.java:995) [jetty-server-7.6.15.v20140411.jar:7.6.15.v20140411]
	at org.eclipse.jetty.http.HttpParser.parseNext(HttpParser.java:644) [jetty-http-7.6.15.v20140411.jar:7.6.15.v20140411]
	at org.eclipse.jetty.http.HttpParser.parseAvailable(HttpParser.java:235) [jetty-http-7.6.15.v20140411.jar:7.6.15.v20140411]
	at org.eclipse.jetty.server.AsyncHttpConnection.handle(AsyncHttpConnection.java:82) [jetty-server-7.6.15.v20140411.jar:7.6.15.v20140411]
	at org.eclipse.jetty.io.nio.SelectChannelEndPoint.handle(SelectChannelEndPoint.java:667) [jetty-io-7.6.15.v20140411.jar:7.6.15.v20140411]
	at org.eclipse.jetty.io.nio.SelectChannelEndPoint$1.run(SelectChannelEndPoint.java:52) [jetty-io-7.6.15.v20140411.jar:7.6.15.v20140411]
	at org.eclipse.jetty.util.thread.QueuedThreadPool.runJob(QueuedThreadPool.java:608) [jetty-util-7.6.15.v20140411.jar:7.6.15.v20140411]
	at org.eclipse.jetty.util.thread.QueuedThreadPool$3.run(QueuedThreadPool.java:543) [jetty-util-7.6.15.v20140411.jar:7.6.15.v20140411]
	at java.lang.Thread.run(Thread.java:745) [na:1.7.0_71]
Caused by: javax.crypto.BadPaddingException: Given final block not properly padded
	at com.sun.crypto.provider.CipherCore.doFinal(CipherCore.java:811) ~[sunjce_provider.jar:1.7.0_80]
	at com.sun.crypto.provider.CipherCore.doFinal(CipherCore.java:676) ~[sunjce_provider.jar:1.7.0_80]
	at com.sun.crypto.provider.AESCipher.engineDoFinal(AESCipher.java:313) ~[sunjce_provider.jar:1.7.0_80]
	at javax.crypto.Cipher.doFinal(Cipher.java:2087) ~[na:1.7.0_71]
	at cn.meyoung.wlfz.webapi.utils.AesUtils.decode(AesUtils.java:68) ~[classes/:na]
	... 52 common frames omitted
09:43:25.622 [qtp2055710597-29] ERROR c.m.w.webapi.DefaultExceptionHandler - 
java.lang.Exception: javax.crypto.BadPaddingException: Given final block not properly padded
	at cn.meyoung.wlfz.webapi.utils.AesUtils.decode(AesUtils.java:74) ~[classes/:na]
	at cn.meyoung.wlfz.webapi.controller.UserController.login(UserController.java:43) ~[classes/:na]
	at sun.reflect.NativeMethodAccessorImpl.invoke0(Native Method) ~[na:1.7.0_71]
	at sun.reflect.NativeMethodAccessorImpl.invoke(NativeMethodAccessorImpl.java:57) ~[na:1.7.0_71]
	at sun.reflect.DelegatingMethodAccessorImpl.invoke(DelegatingMethodAccessorImpl.java:43) ~[na:1.7.0_71]
	at java.lang.reflect.Method.invoke(Method.java:606) ~[na:1.7.0_71]
	at org.springframework.web.method.support.InvocableHandlerMethod.invoke(InvocableHandlerMethod.java:215) ~[spring-web-4.0.5.RELEASE.jar:4.0.5.RELEASE]
	at org.springframework.web.method.support.InvocableHandlerMethod.invokeForRequest(InvocableHandlerMethod.java:132) ~[spring-web-4.0.5.RELEASE.jar:4.0.5.RELEASE]
	at org.springframework.web.servlet.mvc.method.annotation.ServletInvocableHandlerMethod.invokeAndHandle(ServletInvocableHandlerMethod.java:104) ~[spring-webmvc-4.0.5.RELEASE.jar:4.0.5.RELEASE]
	at org.springframework.web.servlet.mvc.method.annotation.RequestMappingHandlerAdapter.invokeHandleMethod(RequestMappingHandlerAdapter.java:749) ~[spring-webmvc-4.0.5.RELEASE.jar:4.0.5.RELEASE]
	at org.springframework.web.servlet.mvc.method.annotation.RequestMappingHandlerAdapter.handleInternal(RequestMappingHandlerAdapter.java:689) ~[spring-webmvc-4.0.5.RELEASE.jar:4.0.5.RELEASE]
	at org.springframework.web.servlet.mvc.method.AbstractHandlerMethodAdapter.handle(AbstractHandlerMethodAdapter.java:83) ~[spring-webmvc-4.0.5.RELEASE.jar:4.0.5.RELEASE]
	at org.springframework.web.servlet.DispatcherServlet.doDispatch(DispatcherServlet.java:938) ~[spring-webmvc-4.0.5.RELEASE.jar:4.0.5.RELEASE]
	at org.springframework.web.servlet.DispatcherServlet.doService(DispatcherServlet.java:870) ~[spring-webmvc-4.0.5.RELEASE.jar:4.0.5.RELEASE]
	at org.springframework.web.servlet.FrameworkServlet.processRequest(FrameworkServlet.java:961) [spring-webmvc-4.0.5.RELEASE.jar:4.0.5.RELEASE]
	at org.springframework.web.servlet.FrameworkServlet.doPost(FrameworkServlet.java:863) [spring-webmvc-4.0.5.RELEASE.jar:4.0.5.RELEASE]
	at javax.servlet.http.HttpServlet.service(HttpServlet.java:727) [javax.servlet-2.5.0.v201103041518.jar:na]
	at org.springframework.web.servlet.FrameworkServlet.service(FrameworkServlet.java:837) [spring-webmvc-4.0.5.RELEASE.jar:4.0.5.RELEASE]
	at javax.servlet.http.HttpServlet.service(HttpServlet.java:820) [javax.servlet-2.5.0.v201103041518.jar:na]
	at org.eclipse.jetty.servlet.ServletHolder.handle(ServletHolder.java:652) [jetty-servlet-7.6.15.v20140411.jar:7.6.15.v20140411]
	at org.eclipse.jetty.servlet.ServletHandler$CachedChain.doFilter(ServletHandler.java:1317) [jetty-servlet-7.6.15.v20140411.jar:7.6.15.v20140411]
	at org.springframework.web.filter.HttpPutFormContentFilter.doFilterInternal(HttpPutFormContentFilter.java:88) [spring-web-4.0.5.RELEASE.jar:4.0.5.RELEASE]
	at org.springframework.web.filter.OncePerRequestFilter.doFilter(OncePerRequestFilter.java:107) [spring-web-4.0.5.RELEASE.jar:4.0.5.RELEASE]
	at org.eclipse.jetty.servlet.ServletHandler$CachedChain.doFilter(ServletHandler.java:1288) [jetty-servlet-7.6.15.v20140411.jar:7.6.15.v20140411]
	at com.alibaba.druid.support.http.WebStatFilter.doFilter(WebStatFilter.java:124) [druid-1.0.5.jar:1.0.5]
	at org.eclipse.jetty.servlet.ServletHandler$CachedChain.doFilter(ServletHandler.java:1288) [jetty-servlet-7.6.15.v20140411.jar:7.6.15.v20140411]
	at org.springframework.web.filter.CharacterEncodingFilter.doFilterInternal(CharacterEncodingFilter.java:88) [spring-web-4.0.5.RELEASE.jar:4.0.5.RELEASE]
	at org.springframework.web.filter.OncePerRequestFilter.doFilter(OncePerRequestFilter.java:107) [spring-web-4.0.5.RELEASE.jar:4.0.5.RELEASE]
	at org.eclipse.jetty.servlet.ServletHandler$CachedChain.doFilter(ServletHandler.java:1288) [jetty-servlet-7.6.15.v20140411.jar:7.6.15.v20140411]
	at org.eclipse.jetty.servlet.ServletHandler.doHandle(ServletHandler.java:443) [jetty-servlet-7.6.15.v20140411.jar:7.6.15.v20140411]
	at org.eclipse.jetty.server.handler.ScopedHandler.handle(ScopedHandler.java:137) [jetty-server-7.6.15.v20140411.jar:7.6.15.v20140411]
	at org.eclipse.jetty.security.SecurityHandler.handle(SecurityHandler.java:556) [jetty-security-7.6.15.v20140411.jar:7.6.15.v20140411]
	at org.eclipse.jetty.server.session.SessionHandler.doHandle(SessionHandler.java:227) [jetty-server-7.6.15.v20140411.jar:7.6.15.v20140411]
	at org.eclipse.jetty.server.handler.ContextHandler.doHandle(ContextHandler.java:1044) [jetty-server-7.6.15.v20140411.jar:7.6.15.v20140411]
	at org.eclipse.jetty.servlet.ServletHandler.doScope(ServletHandler.java:372) [jetty-servlet-7.6.15.v20140411.jar:7.6.15.v20140411]
	at org.eclipse.jetty.server.session.SessionHandler.doScope(SessionHandler.java:189) [jetty-server-7.6.15.v20140411.jar:7.6.15.v20140411]
	at org.eclipse.jetty.server.handler.ContextHandler.doScope(ContextHandler.java:978) [jetty-server-7.6.15.v20140411.jar:7.6.15.v20140411]
	at org.eclipse.jetty.server.handler.ScopedHandler.handle(ScopedHandler.java:135) [jetty-server-7.6.15.v20140411.jar:7.6.15.v20140411]
	at org.eclipse.jetty.server.handler.ContextHandlerCollection.handle(ContextHandlerCollection.java:255) [jetty-server-7.6.15.v20140411.jar:7.6.15.v20140411]
	at org.eclipse.jetty.server.handler.HandlerCollection.handle(HandlerCollection.java:154) [jetty-server-7.6.15.v20140411.jar:7.6.15.v20140411]
	at org.eclipse.jetty.server.handler.HandlerWrapper.handle(HandlerWrapper.java:116) [jetty-server-7.6.15.v20140411.jar:7.6.15.v20140411]
	at org.eclipse.jetty.server.Server.handle(Server.java:369) [jetty-server-7.6.15.v20140411.jar:7.6.15.v20140411]
	at org.eclipse.jetty.server.AbstractHttpConnection.handleRequest(AbstractHttpConnection.java:486) [jetty-server-7.6.15.v20140411.jar:7.6.15.v20140411]
	at org.eclipse.jetty.server.AbstractHttpConnection.headerComplete(AbstractHttpConnection.java:933) [jetty-server-7.6.15.v20140411.jar:7.6.15.v20140411]
	at org.eclipse.jetty.server.AbstractHttpConnection$RequestHandler.headerComplete(AbstractHttpConnection.java:995) [jetty-server-7.6.15.v20140411.jar:7.6.15.v20140411]
	at org.eclipse.jetty.http.HttpParser.parseNext(HttpParser.java:644) [jetty-http-7.6.15.v20140411.jar:7.6.15.v20140411]
	at org.eclipse.jetty.http.HttpParser.parseAvailable(HttpParser.java:235) [jetty-http-7.6.15.v20140411.jar:7.6.15.v20140411]
	at org.eclipse.jetty.server.AsyncHttpConnection.handle(AsyncHttpConnection.java:82) [jetty-server-7.6.15.v20140411.jar:7.6.15.v20140411]
	at org.eclipse.jetty.io.nio.SelectChannelEndPoint.handle(SelectChannelEndPoint.java:667) [jetty-io-7.6.15.v20140411.jar:7.6.15.v20140411]
	at org.eclipse.jetty.io.nio.SelectChannelEndPoint$1.run(SelectChannelEndPoint.java:52) [jetty-io-7.6.15.v20140411.jar:7.6.15.v20140411]
	at org.eclipse.jetty.util.thread.QueuedThreadPool.runJob(QueuedThreadPool.java:608) [jetty-util-7.6.15.v20140411.jar:7.6.15.v20140411]
	at org.eclipse.jetty.util.thread.QueuedThreadPool$3.run(QueuedThreadPool.java:543) [jetty-util-7.6.15.v20140411.jar:7.6.15.v20140411]
	at java.lang.Thread.run(Thread.java:745) [na:1.7.0_71]
Caused by: javax.crypto.BadPaddingException: Given final block not properly padded
	at com.sun.crypto.provider.CipherCore.doFinal(CipherCore.java:811) ~[sunjce_provider.jar:1.7.0_80]
	at com.sun.crypto.provider.CipherCore.doFinal(CipherCore.java:676) ~[sunjce_provider.jar:1.7.0_80]
	at com.sun.crypto.provider.AESCipher.engineDoFinal(AESCipher.java:313) ~[sunjce_provider.jar:1.7.0_80]
	at javax.crypto.Cipher.doFinal(Cipher.java:2087) ~[na:1.7.0_71]
	at cn.meyoung.wlfz.webapi.utils.AesUtils.decode(AesUtils.java:68) ~[classes/:na]
	... 52 common frames omitted
09:43:25.636 [qtp2055710597-33] ERROR c.m.w.webapi.DefaultExceptionHandler - 
java.lang.Exception: javax.crypto.BadPaddingException: Given final block not properly padded
	at cn.meyoung.wlfz.webapi.utils.AesUtils.decode(AesUtils.java:74) ~[classes/:na]
	at cn.meyoung.wlfz.webapi.controller.UserController.login(UserController.java:43) ~[classes/:na]
	at sun.reflect.NativeMethodAccessorImpl.invoke0(Native Method) ~[na:1.7.0_71]
	at sun.reflect.NativeMethodAccessorImpl.invoke(NativeMethodAccessorImpl.java:57) ~[na:1.7.0_71]
	at sun.reflect.DelegatingMethodAccessorImpl.invoke(DelegatingMethodAccessorImpl.java:43) ~[na:1.7.0_71]
	at java.lang.reflect.Method.invoke(Method.java:606) ~[na:1.7.0_71]
	at org.springframework.web.method.support.InvocableHandlerMethod.invoke(InvocableHandlerMethod.java:215) ~[spring-web-4.0.5.RELEASE.jar:4.0.5.RELEASE]
	at org.springframework.web.method.support.InvocableHandlerMethod.invokeForRequest(InvocableHandlerMethod.java:132) ~[spring-web-4.0.5.RELEASE.jar:4.0.5.RELEASE]
	at org.springframework.web.servlet.mvc.method.annotation.ServletInvocableHandlerMethod.invokeAndHandle(ServletInvocableHandlerMethod.java:104) ~[spring-webmvc-4.0.5.RELEASE.jar:4.0.5.RELEASE]
	at org.springframework.web.servlet.mvc.method.annotation.RequestMappingHandlerAdapter.invokeHandleMethod(RequestMappingHandlerAdapter.java:749) ~[spring-webmvc-4.0.5.RELEASE.jar:4.0.5.RELEASE]
	at org.springframework.web.servlet.mvc.method.annotation.RequestMappingHandlerAdapter.handleInternal(RequestMappingHandlerAdapter.java:689) ~[spring-webmvc-4.0.5.RELEASE.jar:4.0.5.RELEASE]
	at org.springframework.web.servlet.mvc.method.AbstractHandlerMethodAdapter.handle(AbstractHandlerMethodAdapter.java:83) ~[spring-webmvc-4.0.5.RELEASE.jar:4.0.5.RELEASE]
	at org.springframework.web.servlet.DispatcherServlet.doDispatch(DispatcherServlet.java:938) ~[spring-webmvc-4.0.5.RELEASE.jar:4.0.5.RELEASE]
	at org.springframework.web.servlet.DispatcherServlet.doService(DispatcherServlet.java:870) ~[spring-webmvc-4.0.5.RELEASE.jar:4.0.5.RELEASE]
	at org.springframework.web.servlet.FrameworkServlet.processRequest(FrameworkServlet.java:961) [spring-webmvc-4.0.5.RELEASE.jar:4.0.5.RELEASE]
	at org.springframework.web.servlet.FrameworkServlet.doPost(FrameworkServlet.java:863) [spring-webmvc-4.0.5.RELEASE.jar:4.0.5.RELEASE]
	at javax.servlet.http.HttpServlet.service(HttpServlet.java:727) [javax.servlet-2.5.0.v201103041518.jar:na]
	at org.springframework.web.servlet.FrameworkServlet.service(FrameworkServlet.java:837) [spring-webmvc-4.0.5.RELEASE.jar:4.0.5.RELEASE]
	at javax.servlet.http.HttpServlet.service(HttpServlet.java:820) [javax.servlet-2.5.0.v201103041518.jar:na]
	at org.eclipse.jetty.servlet.ServletHolder.handle(ServletHolder.java:652) [jetty-servlet-7.6.15.v20140411.jar:7.6.15.v20140411]
	at org.eclipse.jetty.servlet.ServletHandler$CachedChain.doFilter(ServletHandler.java:1317) [jetty-servlet-7.6.15.v20140411.jar:7.6.15.v20140411]
	at org.springframework.web.filter.HttpPutFormContentFilter.doFilterInternal(HttpPutFormContentFilter.java:88) [spring-web-4.0.5.RELEASE.jar:4.0.5.RELEASE]
	at org.springframework.web.filter.OncePerRequestFilter.doFilter(OncePerRequestFilter.java:107) [spring-web-4.0.5.RELEASE.jar:4.0.5.RELEASE]
	at org.eclipse.jetty.servlet.ServletHandler$CachedChain.doFilter(ServletHandler.java:1288) [jetty-servlet-7.6.15.v20140411.jar:7.6.15.v20140411]
	at com.alibaba.druid.support.http.WebStatFilter.doFilter(WebStatFilter.java:124) [druid-1.0.5.jar:1.0.5]
	at org.eclipse.jetty.servlet.ServletHandler$CachedChain.doFilter(ServletHandler.java:1288) [jetty-servlet-7.6.15.v20140411.jar:7.6.15.v20140411]
	at org.springframework.web.filter.CharacterEncodingFilter.doFilterInternal(CharacterEncodingFilter.java:88) [spring-web-4.0.5.RELEASE.jar:4.0.5.RELEASE]
	at org.springframework.web.filter.OncePerRequestFilter.doFilter(OncePerRequestFilter.java:107) [spring-web-4.0.5.RELEASE.jar:4.0.5.RELEASE]
	at org.eclipse.jetty.servlet.ServletHandler$CachedChain.doFilter(ServletHandler.java:1288) [jetty-servlet-7.6.15.v20140411.jar:7.6.15.v20140411]
	at org.eclipse.jetty.servlet.ServletHandler.doHandle(ServletHandler.java:443) [jetty-servlet-7.6.15.v20140411.jar:7.6.15.v20140411]
	at org.eclipse.jetty.server.handler.ScopedHandler.handle(ScopedHandler.java:137) [jetty-server-7.6.15.v20140411.jar:7.6.15.v20140411]
	at org.eclipse.jetty.security.SecurityHandler.handle(SecurityHandler.java:556) [jetty-security-7.6.15.v20140411.jar:7.6.15.v20140411]
	at org.eclipse.jetty.server.session.SessionHandler.doHandle(SessionHandler.java:227) [jetty-server-7.6.15.v20140411.jar:7.6.15.v20140411]
	at org.eclipse.jetty.server.handler.ContextHandler.doHandle(ContextHandler.java:1044) [jetty-server-7.6.15.v20140411.jar:7.6.15.v20140411]
	at org.eclipse.jetty.servlet.ServletHandler.doScope(ServletHandler.java:372) [jetty-servlet-7.6.15.v20140411.jar:7.6.15.v20140411]
	at org.eclipse.jetty.server.session.SessionHandler.doScope(SessionHandler.java:189) [jetty-server-7.6.15.v20140411.jar:7.6.15.v20140411]
	at org.eclipse.jetty.server.handler.ContextHandler.doScope(ContextHandler.java:978) [jetty-server-7.6.15.v20140411.jar:7.6.15.v20140411]
	at org.eclipse.jetty.server.handler.ScopedHandler.handle(ScopedHandler.java:135) [jetty-server-7.6.15.v20140411.jar:7.6.15.v20140411]
	at org.eclipse.jetty.server.handler.ContextHandlerCollection.handle(ContextHandlerCollection.java:255) [jetty-server-7.6.15.v20140411.jar:7.6.15.v20140411]
	at org.eclipse.jetty.server.handler.HandlerCollection.handle(HandlerCollection.java:154) [jetty-server-7.6.15.v20140411.jar:7.6.15.v20140411]
	at org.eclipse.jetty.server.handler.HandlerWrapper.handle(HandlerWrapper.java:116) [jetty-server-7.6.15.v20140411.jar:7.6.15.v20140411]
	at org.eclipse.jetty.server.Server.handle(Server.java:369) [jetty-server-7.6.15.v20140411.jar:7.6.15.v20140411]
	at org.eclipse.jetty.server.AbstractHttpConnection.handleRequest(AbstractHttpConnection.java:486) [jetty-server-7.6.15.v20140411.jar:7.6.15.v20140411]
	at org.eclipse.jetty.server.AbstractHttpConnection.headerComplete(AbstractHttpConnection.java:933) [jetty-server-7.6.15.v20140411.jar:7.6.15.v20140411]
	at org.eclipse.jetty.server.AbstractHttpConnection$RequestHandler.headerComplete(AbstractHttpConnection.java:995) [jetty-server-7.6.15.v20140411.jar:7.6.15.v20140411]
	at org.eclipse.jetty.http.HttpParser.parseNext(HttpParser.java:644) [jetty-http-7.6.15.v20140411.jar:7.6.15.v20140411]
	at org.eclipse.jetty.http.HttpParser.parseAvailable(HttpParser.java:235) [jetty-http-7.6.15.v20140411.jar:7.6.15.v20140411]
	at org.eclipse.jetty.server.AsyncHttpConnection.handle(AsyncHttpConnection.java:82) [jetty-server-7.6.15.v20140411.jar:7.6.15.v20140411]
	at org.eclipse.jetty.io.nio.SelectChannelEndPoint.handle(SelectChannelEndPoint.java:667) [jetty-io-7.6.15.v20140411.jar:7.6.15.v20140411]
	at org.eclipse.jetty.io.nio.SelectChannelEndPoint$1.run(SelectChannelEndPoint.java:52) [jetty-io-7.6.15.v20140411.jar:7.6.15.v20140411]
	at org.eclipse.jetty.util.thread.QueuedThreadPool.runJob(QueuedThreadPool.java:608) [jetty-util-7.6.15.v20140411.jar:7.6.15.v20140411]
	at org.eclipse.jetty.util.thread.QueuedThreadPool$3.run(QueuedThreadPool.java:543) [jetty-util-7.6.15.v20140411.jar:7.6.15.v20140411]
	at java.lang.Thread.run(Thread.java:745) [na:1.7.0_71]
Caused by: javax.crypto.BadPaddingException: Given final block not properly padded
	at com.sun.crypto.provider.CipherCore.doFinal(CipherCore.java:811) ~[sunjce_provider.jar:1.7.0_80]
	at com.sun.crypto.provider.CipherCore.doFinal(CipherCore.java:676) ~[sunjce_provider.jar:1.7.0_80]
	at com.sun.crypto.provider.AESCipher.engineDoFinal(AESCipher.java:313) ~[sunjce_provider.jar:1.7.0_80]
	at javax.crypto.Cipher.doFinal(Cipher.java:2087) ~[na:1.7.0_71]
	at cn.meyoung.wlfz.webapi.utils.AesUtils.decode(AesUtils.java:68) ~[classes/:na]
	... 52 common frames omitted
09:43:25.641 [qtp2055710597-31] ERROR c.m.w.webapi.DefaultExceptionHandler - 
java.lang.Exception: javax.crypto.BadPaddingException: Given final block not properly padded
	at cn.meyoung.wlfz.webapi.utils.AesUtils.decode(AesUtils.java:74) ~[classes/:na]
	at cn.meyoung.wlfz.webapi.controller.UserController.login(UserController.java:43) ~[classes/:na]
	at sun.reflect.NativeMethodAccessorImpl.invoke0(Native Method) ~[na:1.7.0_71]
	at sun.reflect.NativeMethodAccessorImpl.invoke(NativeMethodAccessorImpl.java:57) ~[na:1.7.0_71]
	at sun.reflect.DelegatingMethodAccessorImpl.invoke(DelegatingMethodAccessorImpl.java:43) ~[na:1.7.0_71]
	at java.lang.reflect.Method.invoke(Method.java:606) ~[na:1.7.0_71]
	at org.springframework.web.method.support.InvocableHandlerMethod.invoke(InvocableHandlerMethod.java:215) ~[spring-web-4.0.5.RELEASE.jar:4.0.5.RELEASE]
	at org.springframework.web.method.support.InvocableHandlerMethod.invokeForRequest(InvocableHandlerMethod.java:132) ~[spring-web-4.0.5.RELEASE.jar:4.0.5.RELEASE]
	at org.springframework.web.servlet.mvc.method.annotation.ServletInvocableHandlerMethod.invokeAndHandle(ServletInvocableHandlerMethod.java:104) ~[spring-webmvc-4.0.5.RELEASE.jar:4.0.5.RELEASE]
	at org.springframework.web.servlet.mvc.method.annotation.RequestMappingHandlerAdapter.invokeHandleMethod(RequestMappingHandlerAdapter.java:749) ~[spring-webmvc-4.0.5.RELEASE.jar:4.0.5.RELEASE]
	at org.springframework.web.servlet.mvc.method.annotation.RequestMappingHandlerAdapter.handleInternal(RequestMappingHandlerAdapter.java:689) ~[spring-webmvc-4.0.5.RELEASE.jar:4.0.5.RELEASE]
	at org.springframework.web.servlet.mvc.method.AbstractHandlerMethodAdapter.handle(AbstractHandlerMethodAdapter.java:83) ~[spring-webmvc-4.0.5.RELEASE.jar:4.0.5.RELEASE]
	at org.springframework.web.servlet.DispatcherServlet.doDispatch(DispatcherServlet.java:938) ~[spring-webmvc-4.0.5.RELEASE.jar:4.0.5.RELEASE]
	at org.springframework.web.servlet.DispatcherServlet.doService(DispatcherServlet.java:870) ~[spring-webmvc-4.0.5.RELEASE.jar:4.0.5.RELEASE]
	at org.springframework.web.servlet.FrameworkServlet.processRequest(FrameworkServlet.java:961) [spring-webmvc-4.0.5.RELEASE.jar:4.0.5.RELEASE]
	at org.springframework.web.servlet.FrameworkServlet.doPost(FrameworkServlet.java:863) [spring-webmvc-4.0.5.RELEASE.jar:4.0.5.RELEASE]
	at javax.servlet.http.HttpServlet.service(HttpServlet.java:727) [javax.servlet-2.5.0.v201103041518.jar:na]
	at org.springframework.web.servlet.FrameworkServlet.service(FrameworkServlet.java:837) [spring-webmvc-4.0.5.RELEASE.jar:4.0.5.RELEASE]
	at javax.servlet.http.HttpServlet.service(HttpServlet.java:820) [javax.servlet-2.5.0.v201103041518.jar:na]
	at org.eclipse.jetty.servlet.ServletHolder.handle(ServletHolder.java:652) [jetty-servlet-7.6.15.v20140411.jar:7.6.15.v20140411]
	at org.eclipse.jetty.servlet.ServletHandler$CachedChain.doFilter(ServletHandler.java:1317) [jetty-servlet-7.6.15.v20140411.jar:7.6.15.v20140411]
	at org.springframework.web.filter.HttpPutFormContentFilter.doFilterInternal(HttpPutFormContentFilter.java:88) [spring-web-4.0.5.RELEASE.jar:4.0.5.RELEASE]
	at org.springframework.web.filter.OncePerRequestFilter.doFilter(OncePerRequestFilter.java:107) [spring-web-4.0.5.RELEASE.jar:4.0.5.RELEASE]
	at org.eclipse.jetty.servlet.ServletHandler$CachedChain.doFilter(ServletHandler.java:1288) [jetty-servlet-7.6.15.v20140411.jar:7.6.15.v20140411]
	at com.alibaba.druid.support.http.WebStatFilter.doFilter(WebStatFilter.java:124) [druid-1.0.5.jar:1.0.5]
	at org.eclipse.jetty.servlet.ServletHandler$CachedChain.doFilter(ServletHandler.java:1288) [jetty-servlet-7.6.15.v20140411.jar:7.6.15.v20140411]
	at org.springframework.web.filter.CharacterEncodingFilter.doFilterInternal(CharacterEncodingFilter.java:88) [spring-web-4.0.5.RELEASE.jar:4.0.5.RELEASE]
	at org.springframework.web.filter.OncePerRequestFilter.doFilter(OncePerRequestFilter.java:107) [spring-web-4.0.5.RELEASE.jar:4.0.5.RELEASE]
	at org.eclipse.jetty.servlet.ServletHandler$CachedChain.doFilter(ServletHandler.java:1288) [jetty-servlet-7.6.15.v20140411.jar:7.6.15.v20140411]
	at org.eclipse.jetty.servlet.ServletHandler.doHandle(ServletHandler.java:443) [jetty-servlet-7.6.15.v20140411.jar:7.6.15.v20140411]
	at org.eclipse.jetty.server.handler.ScopedHandler.handle(ScopedHandler.java:137) [jetty-server-7.6.15.v20140411.jar:7.6.15.v20140411]
	at org.eclipse.jetty.security.SecurityHandler.handle(SecurityHandler.java:556) [jetty-security-7.6.15.v20140411.jar:7.6.15.v20140411]
	at org.eclipse.jetty.server.session.SessionHandler.doHandle(SessionHandler.java:227) [jetty-server-7.6.15.v20140411.jar:7.6.15.v20140411]
	at org.eclipse.jetty.server.handler.ContextHandler.doHandle(ContextHandler.java:1044) [jetty-server-7.6.15.v20140411.jar:7.6.15.v20140411]
	at org.eclipse.jetty.servlet.ServletHandler.doScope(ServletHandler.java:372) [jetty-servlet-7.6.15.v20140411.jar:7.6.15.v20140411]
	at org.eclipse.jetty.server.session.SessionHandler.doScope(SessionHandler.java:189) [jetty-server-7.6.15.v20140411.jar:7.6.15.v20140411]
	at org.eclipse.jetty.server.handler.ContextHandler.doScope(ContextHandler.java:978) [jetty-server-7.6.15.v20140411.jar:7.6.15.v20140411]
	at org.eclipse.jetty.server.handler.ScopedHandler.handle(ScopedHandler.java:135) [jetty-server-7.6.15.v20140411.jar:7.6.15.v20140411]
	at org.eclipse.jetty.server.handler.ContextHandlerCollection.handle(ContextHandlerCollection.java:255) [jetty-server-7.6.15.v20140411.jar:7.6.15.v20140411]
	at org.eclipse.jetty.server.handler.HandlerCollection.handle(HandlerCollection.java:154) [jetty-server-7.6.15.v20140411.jar:7.6.15.v20140411]
	at org.eclipse.jetty.server.handler.HandlerWrapper.handle(HandlerWrapper.java:116) [jetty-server-7.6.15.v20140411.jar:7.6.15.v20140411]
	at org.eclipse.jetty.server.Server.handle(Server.java:369) [jetty-server-7.6.15.v20140411.jar:7.6.15.v20140411]
	at org.eclipse.jetty.server.AbstractHttpConnection.handleRequest(AbstractHttpConnection.java:486) [jetty-server-7.6.15.v20140411.jar:7.6.15.v20140411]
	at org.eclipse.jetty.server.AbstractHttpConnection.headerComplete(AbstractHttpConnection.java:933) [jetty-server-7.6.15.v20140411.jar:7.6.15.v20140411]
	at org.eclipse.jetty.server.AbstractHttpConnection$RequestHandler.headerComplete(AbstractHttpConnection.java:995) [jetty-server-7.6.15.v20140411.jar:7.6.15.v20140411]
	at org.eclipse.jetty.http.HttpParser.parseNext(HttpParser.java:644) [jetty-http-7.6.15.v20140411.jar:7.6.15.v20140411]
	at org.eclipse.jetty.http.HttpParser.parseAvailable(HttpParser.java:235) [jetty-http-7.6.15.v20140411.jar:7.6.15.v20140411]
	at org.eclipse.jetty.server.AsyncHttpConnection.handle(AsyncHttpConnection.java:82) [jetty-server-7.6.15.v20140411.jar:7.6.15.v20140411]
	at org.eclipse.jetty.io.nio.SelectChannelEndPoint.handle(SelectChannelEndPoint.java:667) [jetty-io-7.6.15.v20140411.jar:7.6.15.v20140411]
	at org.eclipse.jetty.io.nio.SelectChannelEndPoint$1.run(SelectChannelEndPoint.java:52) [jetty-io-7.6.15.v20140411.jar:7.6.15.v20140411]
	at org.eclipse.jetty.util.thread.QueuedThreadPool.runJob(QueuedThreadPool.java:608) [jetty-util-7.6.15.v20140411.jar:7.6.15.v20140411]
	at org.eclipse.jetty.util.thread.QueuedThreadPool$3.run(QueuedThreadPool.java:543) [jetty-util-7.6.15.v20140411.jar:7.6.15.v20140411]
	at java.lang.Thread.run(Thread.java:745) [na:1.7.0_71]
Caused by: javax.crypto.BadPaddingException: Given final block not properly padded
	at com.sun.crypto.provider.CipherCore.doFinal(CipherCore.java:811) ~[sunjce_provider.jar:1.7.0_80]
	at com.sun.crypto.provider.CipherCore.doFinal(CipherCore.java:676) ~[sunjce_provider.jar:1.7.0_80]
	at com.sun.crypto.provider.AESCipher.engineDoFinal(AESCipher.java:313) ~[sunjce_provider.jar:1.7.0_80]
	at javax.crypto.Cipher.doFinal(Cipher.java:2087) ~[na:1.7.0_71]
	at cn.meyoung.wlfz.webapi.utils.AesUtils.decode(AesUtils.java:68) ~[classes/:na]
	... 52 common frames omitted
09:45:37.637 [qtp2055710597-34] ERROR c.m.w.webapi.DefaultExceptionHandler - 
java.lang.Exception: javax.crypto.BadPaddingException: Given final block not properly padded
	at cn.meyoung.wlfz.webapi.utils.AesUtils.decode(AesUtils.java:74) ~[classes/:na]
	at cn.meyoung.wlfz.webapi.controller.UserController.login(UserController.java:43) ~[classes/:na]
	at sun.reflect.NativeMethodAccessorImpl.invoke0(Native Method) ~[na:1.7.0_71]
	at sun.reflect.NativeMethodAccessorImpl.invoke(NativeMethodAccessorImpl.java:57) ~[na:1.7.0_71]
	at sun.reflect.DelegatingMethodAccessorImpl.invoke(DelegatingMethodAccessorImpl.java:43) ~[na:1.7.0_71]
	at java.lang.reflect.Method.invoke(Method.java:606) ~[na:1.7.0_71]
	at org.springframework.web.method.support.InvocableHandlerMethod.invoke(InvocableHandlerMethod.java:215) ~[spring-web-4.0.5.RELEASE.jar:4.0.5.RELEASE]
	at org.springframework.web.method.support.InvocableHandlerMethod.invokeForRequest(InvocableHandlerMethod.java:132) ~[spring-web-4.0.5.RELEASE.jar:4.0.5.RELEASE]
	at org.springframework.web.servlet.mvc.method.annotation.ServletInvocableHandlerMethod.invokeAndHandle(ServletInvocableHandlerMethod.java:104) ~[spring-webmvc-4.0.5.RELEASE.jar:4.0.5.RELEASE]
	at org.springframework.web.servlet.mvc.method.annotation.RequestMappingHandlerAdapter.invokeHandleMethod(RequestMappingHandlerAdapter.java:749) ~[spring-webmvc-4.0.5.RELEASE.jar:4.0.5.RELEASE]
	at org.springframework.web.servlet.mvc.method.annotation.RequestMappingHandlerAdapter.handleInternal(RequestMappingHandlerAdapter.java:689) ~[spring-webmvc-4.0.5.RELEASE.jar:4.0.5.RELEASE]
	at org.springframework.web.servlet.mvc.method.AbstractHandlerMethodAdapter.handle(AbstractHandlerMethodAdapter.java:83) ~[spring-webmvc-4.0.5.RELEASE.jar:4.0.5.RELEASE]
	at org.springframework.web.servlet.DispatcherServlet.doDispatch(DispatcherServlet.java:938) ~[spring-webmvc-4.0.5.RELEASE.jar:4.0.5.RELEASE]
	at org.springframework.web.servlet.DispatcherServlet.doService(DispatcherServlet.java:870) ~[spring-webmvc-4.0.5.RELEASE.jar:4.0.5.RELEASE]
	at org.springframework.web.servlet.FrameworkServlet.processRequest(FrameworkServlet.java:961) [spring-webmvc-4.0.5.RELEASE.jar:4.0.5.RELEASE]
	at org.springframework.web.servlet.FrameworkServlet.doPost(FrameworkServlet.java:863) [spring-webmvc-4.0.5.RELEASE.jar:4.0.5.RELEASE]
	at javax.servlet.http.HttpServlet.service(HttpServlet.java:727) [javax.servlet-2.5.0.v201103041518.jar:na]
	at org.springframework.web.servlet.FrameworkServlet.service(FrameworkServlet.java:837) [spring-webmvc-4.0.5.RELEASE.jar:4.0.5.RELEASE]
	at javax.servlet.http.HttpServlet.service(HttpServlet.java:820) [javax.servlet-2.5.0.v201103041518.jar:na]
	at org.eclipse.jetty.servlet.ServletHolder.handle(ServletHolder.java:652) [jetty-servlet-7.6.15.v20140411.jar:7.6.15.v20140411]
	at org.eclipse.jetty.servlet.ServletHandler$CachedChain.doFilter(ServletHandler.java:1317) [jetty-servlet-7.6.15.v20140411.jar:7.6.15.v20140411]
	at org.springframework.web.filter.HttpPutFormContentFilter.doFilterInternal(HttpPutFormContentFilter.java:88) [spring-web-4.0.5.RELEASE.jar:4.0.5.RELEASE]
	at org.springframework.web.filter.OncePerRequestFilter.doFilter(OncePerRequestFilter.java:107) [spring-web-4.0.5.RELEASE.jar:4.0.5.RELEASE]
	at org.eclipse.jetty.servlet.ServletHandler$CachedChain.doFilter(ServletHandler.java:1288) [jetty-servlet-7.6.15.v20140411.jar:7.6.15.v20140411]
	at com.alibaba.druid.support.http.WebStatFilter.doFilter(WebStatFilter.java:124) [druid-1.0.5.jar:1.0.5]
	at org.eclipse.jetty.servlet.ServletHandler$CachedChain.doFilter(ServletHandler.java:1288) [jetty-servlet-7.6.15.v20140411.jar:7.6.15.v20140411]
	at org.springframework.web.filter.CharacterEncodingFilter.doFilterInternal(CharacterEncodingFilter.java:88) [spring-web-4.0.5.RELEASE.jar:4.0.5.RELEASE]
	at org.springframework.web.filter.OncePerRequestFilter.doFilter(OncePerRequestFilter.java:107) [spring-web-4.0.5.RELEASE.jar:4.0.5.RELEASE]
	at org.eclipse.jetty.servlet.ServletHandler$CachedChain.doFilter(ServletHandler.java:1288) [jetty-servlet-7.6.15.v20140411.jar:7.6.15.v20140411]
	at org.eclipse.jetty.servlet.ServletHandler.doHandle(ServletHandler.java:443) [jetty-servlet-7.6.15.v20140411.jar:7.6.15.v20140411]
	at org.eclipse.jetty.server.handler.ScopedHandler.handle(ScopedHandler.java:137) [jetty-server-7.6.15.v20140411.jar:7.6.15.v20140411]
	at org.eclipse.jetty.security.SecurityHandler.handle(SecurityHandler.java:556) [jetty-security-7.6.15.v20140411.jar:7.6.15.v20140411]
	at org.eclipse.jetty.server.session.SessionHandler.doHandle(SessionHandler.java:227) [jetty-server-7.6.15.v20140411.jar:7.6.15.v20140411]
	at org.eclipse.jetty.server.handler.ContextHandler.doHandle(ContextHandler.java:1044) [jetty-server-7.6.15.v20140411.jar:7.6.15.v20140411]
	at org.eclipse.jetty.servlet.ServletHandler.doScope(ServletHandler.java:372) [jetty-servlet-7.6.15.v20140411.jar:7.6.15.v20140411]
	at org.eclipse.jetty.server.session.SessionHandler.doScope(SessionHandler.java:189) [jetty-server-7.6.15.v20140411.jar:7.6.15.v20140411]
	at org.eclipse.jetty.server.handler.ContextHandler.doScope(ContextHandler.java:978) [jetty-server-7.6.15.v20140411.jar:7.6.15.v20140411]
	at org.eclipse.jetty.server.handler.ScopedHandler.handle(ScopedHandler.java:135) [jetty-server-7.6.15.v20140411.jar:7.6.15.v20140411]
	at org.eclipse.jetty.server.handler.ContextHandlerCollection.handle(ContextHandlerCollection.java:255) [jetty-server-7.6.15.v20140411.jar:7.6.15.v20140411]
	at org.eclipse.jetty.server.handler.HandlerCollection.handle(HandlerCollection.java:154) [jetty-server-7.6.15.v20140411.jar:7.6.15.v20140411]
	at org.eclipse.jetty.server.handler.HandlerWrapper.handle(HandlerWrapper.java:116) [jetty-server-7.6.15.v20140411.jar:7.6.15.v20140411]
	at org.eclipse.jetty.server.Server.handle(Server.java:369) [jetty-server-7.6.15.v20140411.jar:7.6.15.v20140411]
	at org.eclipse.jetty.server.AbstractHttpConnection.handleRequest(AbstractHttpConnection.java:486) [jetty-server-7.6.15.v20140411.jar:7.6.15.v20140411]
	at org.eclipse.jetty.server.AbstractHttpConnection.headerComplete(AbstractHttpConnection.java:933) [jetty-server-7.6.15.v20140411.jar:7.6.15.v20140411]
	at org.eclipse.jetty.server.AbstractHttpConnection$RequestHandler.headerComplete(AbstractHttpConnection.java:995) [jetty-server-7.6.15.v20140411.jar:7.6.15.v20140411]
	at org.eclipse.jetty.http.HttpParser.parseNext(HttpParser.java:644) [jetty-http-7.6.15.v20140411.jar:7.6.15.v20140411]
	at org.eclipse.jetty.http.HttpParser.parseAvailable(HttpParser.java:235) [jetty-http-7.6.15.v20140411.jar:7.6.15.v20140411]
	at org.eclipse.jetty.server.AsyncHttpConnection.handle(AsyncHttpConnection.java:82) [jetty-server-7.6.15.v20140411.jar:7.6.15.v20140411]
	at org.eclipse.jetty.io.nio.SelectChannelEndPoint.handle(SelectChannelEndPoint.java:667) [jetty-io-7.6.15.v20140411.jar:7.6.15.v20140411]
	at org.eclipse.jetty.io.nio.SelectChannelEndPoint$1.run(SelectChannelEndPoint.java:52) [jetty-io-7.6.15.v20140411.jar:7.6.15.v20140411]
	at org.eclipse.jetty.util.thread.QueuedThreadPool.runJob(QueuedThreadPool.java:608) [jetty-util-7.6.15.v20140411.jar:7.6.15.v20140411]
	at org.eclipse.jetty.util.thread.QueuedThreadPool$3.run(QueuedThreadPool.java:543) [jetty-util-7.6.15.v20140411.jar:7.6.15.v20140411]
	at java.lang.Thread.run(Thread.java:745) [na:1.7.0_71]
Caused by: javax.crypto.BadPaddingException: Given final block not properly padded
	at com.sun.crypto.provider.CipherCore.doFinal(CipherCore.java:811) ~[sunjce_provider.jar:1.7.0_80]
	at com.sun.crypto.provider.CipherCore.doFinal(CipherCore.java:676) ~[sunjce_provider.jar:1.7.0_80]
	at com.sun.crypto.provider.AESCipher.engineDoFinal(AESCipher.java:313) ~[sunjce_provider.jar:1.7.0_80]
	at javax.crypto.Cipher.doFinal(Cipher.java:2087) ~[na:1.7.0_71]
	at cn.meyoung.wlfz.webapi.utils.AesUtils.decode(AesUtils.java:68) ~[classes/:na]
	... 52 common frames omitted
09:55:42.470 [main] WARN  net.sf.ehcache.DiskStorePathManager - diskStorePath '/var/folders/44/kbqf7ch91mqg72spqtzm92f00000gn/T' is already used by an existing CacheManager either in the same VM or in a different process.
The diskStore path for this CacheManager will be set to /var/folders/44/kbqf7ch91mqg72spqtzm92f00000gn/T/ehcache_auto_created6508754130961857598diskstore.
To avoid this warning consider using the CacheManager factory methods to create a singleton CacheManager or specifying a separate ehcache configuration (ehcache.xml) for each CacheManager instance.
10:04:33.060 [qtp1130655327-35] ERROR c.m.w.webapi.DefaultExceptionHandler - 
java.lang.Exception: java.net.ConnectException: Connection refused
	at cn.meyoung.wlfz.webapi.mefp.MeFPApi.httpPost(MeFPApi.java:93) ~[classes/:na]
	at cn.meyoung.wlfz.webapi.controller.UserController.login(UserController.java:45) ~[classes/:na]
	at sun.reflect.NativeMethodAccessorImpl.invoke0(Native Method) ~[na:1.7.0_71]
	at sun.reflect.NativeMethodAccessorImpl.invoke(NativeMethodAccessorImpl.java:57) ~[na:1.7.0_71]
	at sun.reflect.DelegatingMethodAccessorImpl.invoke(DelegatingMethodAccessorImpl.java:43) ~[na:1.7.0_71]
	at java.lang.reflect.Method.invoke(Method.java:606) ~[na:1.7.0_71]
	at org.springframework.web.method.support.InvocableHandlerMethod.invoke(InvocableHandlerMethod.java:215) ~[spring-web-4.0.5.RELEASE.jar:4.0.5.RELEASE]
	at org.springframework.web.method.support.InvocableHandlerMethod.invokeForRequest(InvocableHandlerMethod.java:132) ~[spring-web-4.0.5.RELEASE.jar:4.0.5.RELEASE]
	at org.springframework.web.servlet.mvc.method.annotation.ServletInvocableHandlerMethod.invokeAndHandle(ServletInvocableHandlerMethod.java:104) ~[spring-webmvc-4.0.5.RELEASE.jar:4.0.5.RELEASE]
	at org.springframework.web.servlet.mvc.method.annotation.RequestMappingHandlerAdapter.invokeHandleMethod(RequestMappingHandlerAdapter.java:749) ~[spring-webmvc-4.0.5.RELEASE.jar:4.0.5.RELEASE]
	at org.springframework.web.servlet.mvc.method.annotation.RequestMappingHandlerAdapter.handleInternal(RequestMappingHandlerAdapter.java:689) ~[spring-webmvc-4.0.5.RELEASE.jar:4.0.5.RELEASE]
	at org.springframework.web.servlet.mvc.method.AbstractHandlerMethodAdapter.handle(AbstractHandlerMethodAdapter.java:83) ~[spring-webmvc-4.0.5.RELEASE.jar:4.0.5.RELEASE]
	at org.springframework.web.servlet.DispatcherServlet.doDispatch(DispatcherServlet.java:938) ~[spring-webmvc-4.0.5.RELEASE.jar:4.0.5.RELEASE]
	at org.springframework.web.servlet.DispatcherServlet.doService(DispatcherServlet.java:870) ~[spring-webmvc-4.0.5.RELEASE.jar:4.0.5.RELEASE]
	at org.springframework.web.servlet.FrameworkServlet.processRequest(FrameworkServlet.java:961) [spring-webmvc-4.0.5.RELEASE.jar:4.0.5.RELEASE]
	at org.springframework.web.servlet.FrameworkServlet.doPost(FrameworkServlet.java:863) [spring-webmvc-4.0.5.RELEASE.jar:4.0.5.RELEASE]
	at javax.servlet.http.HttpServlet.service(HttpServlet.java:727) [javax.servlet-2.5.0.v201103041518.jar:na]
	at org.springframework.web.servlet.FrameworkServlet.service(FrameworkServlet.java:837) [spring-webmvc-4.0.5.RELEASE.jar:4.0.5.RELEASE]
	at javax.servlet.http.HttpServlet.service(HttpServlet.java:820) [javax.servlet-2.5.0.v201103041518.jar:na]
	at org.eclipse.jetty.servlet.ServletHolder.handle(ServletHolder.java:652) [jetty-servlet-7.6.15.v20140411.jar:7.6.15.v20140411]
	at org.eclipse.jetty.servlet.ServletHandler$CachedChain.doFilter(ServletHandler.java:1317) [jetty-servlet-7.6.15.v20140411.jar:7.6.15.v20140411]
	at org.springframework.web.filter.HttpPutFormContentFilter.doFilterInternal(HttpPutFormContentFilter.java:88) [spring-web-4.0.5.RELEASE.jar:4.0.5.RELEASE]
	at org.springframework.web.filter.OncePerRequestFilter.doFilter(OncePerRequestFilter.java:107) [spring-web-4.0.5.RELEASE.jar:4.0.5.RELEASE]
	at org.eclipse.jetty.servlet.ServletHandler$CachedChain.doFilter(ServletHandler.java:1288) [jetty-servlet-7.6.15.v20140411.jar:7.6.15.v20140411]
	at com.alibaba.druid.support.http.WebStatFilter.doFilter(WebStatFilter.java:124) [druid-1.0.5.jar:1.0.5]
	at org.eclipse.jetty.servlet.ServletHandler$CachedChain.doFilter(ServletHandler.java:1288) [jetty-servlet-7.6.15.v20140411.jar:7.6.15.v20140411]
	at org.springframework.web.filter.CharacterEncodingFilter.doFilterInternal(CharacterEncodingFilter.java:88) [spring-web-4.0.5.RELEASE.jar:4.0.5.RELEASE]
	at org.springframework.web.filter.OncePerRequestFilter.doFilter(OncePerRequestFilter.java:107) [spring-web-4.0.5.RELEASE.jar:4.0.5.RELEASE]
	at org.eclipse.jetty.servlet.ServletHandler$CachedChain.doFilter(ServletHandler.java:1288) [jetty-servlet-7.6.15.v20140411.jar:7.6.15.v20140411]
	at org.eclipse.jetty.servlet.ServletHandler.doHandle(ServletHandler.java:443) [jetty-servlet-7.6.15.v20140411.jar:7.6.15.v20140411]
	at org.eclipse.jetty.server.handler.ScopedHandler.handle(ScopedHandler.java:137) [jetty-server-7.6.15.v20140411.jar:7.6.15.v20140411]
	at org.eclipse.jetty.security.SecurityHandler.handle(SecurityHandler.java:556) [jetty-security-7.6.15.v20140411.jar:7.6.15.v20140411]
	at org.eclipse.jetty.server.session.SessionHandler.doHandle(SessionHandler.java:227) [jetty-server-7.6.15.v20140411.jar:7.6.15.v20140411]
	at org.eclipse.jetty.server.handler.ContextHandler.doHandle(ContextHandler.java:1044) [jetty-server-7.6.15.v20140411.jar:7.6.15.v20140411]
	at org.eclipse.jetty.servlet.ServletHandler.doScope(ServletHandler.java:372) [jetty-servlet-7.6.15.v20140411.jar:7.6.15.v20140411]
	at org.eclipse.jetty.server.session.SessionHandler.doScope(SessionHandler.java:189) [jetty-server-7.6.15.v20140411.jar:7.6.15.v20140411]
	at org.eclipse.jetty.server.handler.ContextHandler.doScope(ContextHandler.java:978) [jetty-server-7.6.15.v20140411.jar:7.6.15.v20140411]
	at org.eclipse.jetty.server.handler.ScopedHandler.handle(ScopedHandler.java:135) [jetty-server-7.6.15.v20140411.jar:7.6.15.v20140411]
	at org.eclipse.jetty.server.handler.ContextHandlerCollection.handle(ContextHandlerCollection.java:255) [jetty-server-7.6.15.v20140411.jar:7.6.15.v20140411]
	at org.eclipse.jetty.server.handler.HandlerCollection.handle(HandlerCollection.java:154) [jetty-server-7.6.15.v20140411.jar:7.6.15.v20140411]
	at org.eclipse.jetty.server.handler.HandlerWrapper.handle(HandlerWrapper.java:116) [jetty-server-7.6.15.v20140411.jar:7.6.15.v20140411]
	at org.eclipse.jetty.server.Server.handle(Server.java:369) [jetty-server-7.6.15.v20140411.jar:7.6.15.v20140411]
	at org.eclipse.jetty.server.AbstractHttpConnection.handleRequest(AbstractHttpConnection.java:486) [jetty-server-7.6.15.v20140411.jar:7.6.15.v20140411]
	at org.eclipse.jetty.server.AbstractHttpConnection.headerComplete(AbstractHttpConnection.java:933) [jetty-server-7.6.15.v20140411.jar:7.6.15.v20140411]
	at org.eclipse.jetty.server.AbstractHttpConnection$RequestHandler.headerComplete(AbstractHttpConnection.java:995) [jetty-server-7.6.15.v20140411.jar:7.6.15.v20140411]
	at org.eclipse.jetty.http.HttpParser.parseNext(HttpParser.java:644) [jetty-http-7.6.15.v20140411.jar:7.6.15.v20140411]
	at org.eclipse.jetty.http.HttpParser.parseAvailable(HttpParser.java:235) [jetty-http-7.6.15.v20140411.jar:7.6.15.v20140411]
	at org.eclipse.jetty.server.AsyncHttpConnection.handle(AsyncHttpConnection.java:82) [jetty-server-7.6.15.v20140411.jar:7.6.15.v20140411]
	at org.eclipse.jetty.io.nio.SelectChannelEndPoint.handle(SelectChannelEndPoint.java:667) [jetty-io-7.6.15.v20140411.jar:7.6.15.v20140411]
	at org.eclipse.jetty.io.nio.SelectChannelEndPoint$1.run(SelectChannelEndPoint.java:52) [jetty-io-7.6.15.v20140411.jar:7.6.15.v20140411]
	at org.eclipse.jetty.util.thread.QueuedThreadPool.runJob(QueuedThreadPool.java:608) [jetty-util-7.6.15.v20140411.jar:7.6.15.v20140411]
	at org.eclipse.jetty.util.thread.QueuedThreadPool$3.run(QueuedThreadPool.java:543) [jetty-util-7.6.15.v20140411.jar:7.6.15.v20140411]
	at java.lang.Thread.run(Thread.java:745) [na:1.7.0_71]
Caused by: java.net.ConnectException: Connection refused
	at java.net.PlainSocketImpl.socketConnect(Native Method) ~[na:1.7.0_71]
	at java.net.AbstractPlainSocketImpl.doConnect(AbstractPlainSocketImpl.java:339) ~[na:1.7.0_71]
	at java.net.AbstractPlainSocketImpl.connectToAddress(AbstractPlainSocketImpl.java:200) ~[na:1.7.0_71]
	at java.net.AbstractPlainSocketImpl.connect(AbstractPlainSocketImpl.java:182) ~[na:1.7.0_71]
	at java.net.SocksSocketImpl.connect(SocksSocketImpl.java:392) ~[na:1.7.0_71]
	at java.net.Socket.connect(Socket.java:579) ~[na:1.7.0_71]
	at sun.reflect.NativeMethodAccessorImpl.invoke0(Native Method) ~[na:1.7.0_71]
	at sun.reflect.NativeMethodAccessorImpl.invoke(NativeMethodAccessorImpl.java:57) ~[na:1.7.0_71]
	at sun.reflect.DelegatingMethodAccessorImpl.invoke(DelegatingMethodAccessorImpl.java:43) ~[na:1.7.0_71]
	at java.lang.reflect.Method.invoke(Method.java:606) ~[na:1.7.0_71]
	at org.apache.commons.httpclient.protocol.ReflectionSocketFactory.createSocket(ReflectionSocketFactory.java:140) ~[commons-httpclient-3.1.jar:na]
	at org.apache.commons.httpclient.protocol.DefaultProtocolSocketFactory.createSocket(DefaultProtocolSocketFactory.java:125) ~[commons-httpclient-3.1.jar:na]
	at org.apache.commons.httpclient.HttpConnection.open(HttpConnection.java:707) ~[commons-httpclient-3.1.jar:na]
	at org.apache.commons.httpclient.HttpMethodDirector.executeWithRetry(HttpMethodDirector.java:387) ~[commons-httpclient-3.1.jar:na]
	at org.apache.commons.httpclient.HttpMethodDirector.executeMethod(HttpMethodDirector.java:171) ~[commons-httpclient-3.1.jar:na]
	at org.apache.commons.httpclient.HttpClient.executeMethod(HttpClient.java:397) ~[commons-httpclient-3.1.jar:na]
	at org.apache.commons.httpclient.HttpClient.executeMethod(HttpClient.java:323) ~[commons-httpclient-3.1.jar:na]
	at cn.meyoung.wlfz.webapi.mefp.MeFPApi.httpPost(MeFPApi.java:83) ~[classes/:na]
	... 52 common frames omitted
10:38:44.334 [main] WARN  net.sf.ehcache.DiskStorePathManager - diskStorePath '/var/folders/44/kbqf7ch91mqg72spqtzm92f00000gn/T' is already used by an existing CacheManager either in the same VM or in a different process.
The diskStore path for this CacheManager will be set to /var/folders/44/kbqf7ch91mqg72spqtzm92f00000gn/T/ehcache_auto_created2044421213844964913diskstore.
To avoid this warning consider using the CacheManager factory methods to create a singleton CacheManager or specifying a separate ehcache configuration (ehcache.xml) for each CacheManager instance.
11:39:47.639 [qtp131460329-30] ERROR c.m.w.webapi.DefaultExceptionHandler - 
java.lang.Exception: java.lang.IllegalArgumentException: host parameter is null
	at cn.meyoung.wlfz.webapi.mefp.MeFPApi.httpPost(MeFPApi.java:95) ~[classes/:na]
	at cn.meyoung.wlfz.webapi.controller.UserController.login(UserController.java:60) ~[classes/:na]
	at sun.reflect.NativeMethodAccessorImpl.invoke0(Native Method) ~[na:1.7.0_71]
	at sun.reflect.NativeMethodAccessorImpl.invoke(NativeMethodAccessorImpl.java:57) ~[na:1.7.0_71]
	at sun.reflect.DelegatingMethodAccessorImpl.invoke(DelegatingMethodAccessorImpl.java:43) ~[na:1.7.0_71]
	at java.lang.reflect.Method.invoke(Method.java:606) ~[na:1.7.0_71]
	at org.springframework.web.method.support.InvocableHandlerMethod.invoke(InvocableHandlerMethod.java:215) ~[spring-web-4.0.5.RELEASE.jar:4.0.5.RELEASE]
	at org.springframework.web.method.support.InvocableHandlerMethod.invokeForRequest(InvocableHandlerMethod.java:132) ~[spring-web-4.0.5.RELEASE.jar:4.0.5.RELEASE]
	at org.springframework.web.servlet.mvc.method.annotation.ServletInvocableHandlerMethod.invokeAndHandle(ServletInvocableHandlerMethod.java:104) ~[spring-webmvc-4.0.5.RELEASE.jar:4.0.5.RELEASE]
	at org.springframework.web.servlet.mvc.method.annotation.RequestMappingHandlerAdapter.invokeHandleMethod(RequestMappingHandlerAdapter.java:749) ~[spring-webmvc-4.0.5.RELEASE.jar:4.0.5.RELEASE]
	at org.springframework.web.servlet.mvc.method.annotation.RequestMappingHandlerAdapter.handleInternal(RequestMappingHandlerAdapter.java:689) ~[spring-webmvc-4.0.5.RELEASE.jar:4.0.5.RELEASE]
	at org.springframework.web.servlet.mvc.method.AbstractHandlerMethodAdapter.handle(AbstractHandlerMethodAdapter.java:83) ~[spring-webmvc-4.0.5.RELEASE.jar:4.0.5.RELEASE]
	at org.springframework.web.servlet.DispatcherServlet.doDispatch(DispatcherServlet.java:938) ~[spring-webmvc-4.0.5.RELEASE.jar:4.0.5.RELEASE]
	at org.springframework.web.servlet.DispatcherServlet.doService(DispatcherServlet.java:870) ~[spring-webmvc-4.0.5.RELEASE.jar:4.0.5.RELEASE]
	at org.springframework.web.servlet.FrameworkServlet.processRequest(FrameworkServlet.java:961) [spring-webmvc-4.0.5.RELEASE.jar:4.0.5.RELEASE]
	at org.springframework.web.servlet.FrameworkServlet.doPost(FrameworkServlet.java:863) [spring-webmvc-4.0.5.RELEASE.jar:4.0.5.RELEASE]
	at javax.servlet.http.HttpServlet.service(HttpServlet.java:727) [javax.servlet-2.5.0.v201103041518.jar:na]
	at org.springframework.web.servlet.FrameworkServlet.service(FrameworkServlet.java:837) [spring-webmvc-4.0.5.RELEASE.jar:4.0.5.RELEASE]
	at javax.servlet.http.HttpServlet.service(HttpServlet.java:820) [javax.servlet-2.5.0.v201103041518.jar:na]
	at org.eclipse.jetty.servlet.ServletHolder.handle(ServletHolder.java:652) [jetty-servlet-7.6.15.v20140411.jar:7.6.15.v20140411]
	at org.eclipse.jetty.servlet.ServletHandler$CachedChain.doFilter(ServletHandler.java:1317) [jetty-servlet-7.6.15.v20140411.jar:7.6.15.v20140411]
	at org.springframework.web.filter.HttpPutFormContentFilter.doFilterInternal(HttpPutFormContentFilter.java:88) [spring-web-4.0.5.RELEASE.jar:4.0.5.RELEASE]
	at org.springframework.web.filter.OncePerRequestFilter.doFilter(OncePerRequestFilter.java:107) [spring-web-4.0.5.RELEASE.jar:4.0.5.RELEASE]
	at org.eclipse.jetty.servlet.ServletHandler$CachedChain.doFilter(ServletHandler.java:1288) [jetty-servlet-7.6.15.v20140411.jar:7.6.15.v20140411]
	at com.alibaba.druid.support.http.WebStatFilter.doFilter(WebStatFilter.java:124) [druid-1.0.5.jar:1.0.5]
	at org.eclipse.jetty.servlet.ServletHandler$CachedChain.doFilter(ServletHandler.java:1288) [jetty-servlet-7.6.15.v20140411.jar:7.6.15.v20140411]
	at org.springframework.web.filter.CharacterEncodingFilter.doFilterInternal(CharacterEncodingFilter.java:88) [spring-web-4.0.5.RELEASE.jar:4.0.5.RELEASE]
	at org.springframework.web.filter.OncePerRequestFilter.doFilter(OncePerRequestFilter.java:107) [spring-web-4.0.5.RELEASE.jar:4.0.5.RELEASE]
	at org.eclipse.jetty.servlet.ServletHandler$CachedChain.doFilter(ServletHandler.java:1288) [jetty-servlet-7.6.15.v20140411.jar:7.6.15.v20140411]
	at org.eclipse.jetty.servlet.ServletHandler.doHandle(ServletHandler.java:443) [jetty-servlet-7.6.15.v20140411.jar:7.6.15.v20140411]
	at org.eclipse.jetty.server.handler.ScopedHandler.handle(ScopedHandler.java:137) [jetty-server-7.6.15.v20140411.jar:7.6.15.v20140411]
	at org.eclipse.jetty.security.SecurityHandler.handle(SecurityHandler.java:556) [jetty-security-7.6.15.v20140411.jar:7.6.15.v20140411]
	at org.eclipse.jetty.server.session.SessionHandler.doHandle(SessionHandler.java:227) [jetty-server-7.6.15.v20140411.jar:7.6.15.v20140411]
	at org.eclipse.jetty.server.handler.ContextHandler.doHandle(ContextHandler.java:1044) [jetty-server-7.6.15.v20140411.jar:7.6.15.v20140411]
	at org.eclipse.jetty.servlet.ServletHandler.doScope(ServletHandler.java:372) [jetty-servlet-7.6.15.v20140411.jar:7.6.15.v20140411]
	at org.eclipse.jetty.server.session.SessionHandler.doScope(SessionHandler.java:189) [jetty-server-7.6.15.v20140411.jar:7.6.15.v20140411]
	at org.eclipse.jetty.server.handler.ContextHandler.doScope(ContextHandler.java:978) [jetty-server-7.6.15.v20140411.jar:7.6.15.v20140411]
	at org.eclipse.jetty.server.handler.ScopedHandler.handle(ScopedHandler.java:135) [jetty-server-7.6.15.v20140411.jar:7.6.15.v20140411]
	at org.eclipse.jetty.server.handler.ContextHandlerCollection.handle(ContextHandlerCollection.java:255) [jetty-server-7.6.15.v20140411.jar:7.6.15.v20140411]
	at org.eclipse.jetty.server.handler.HandlerCollection.handle(HandlerCollection.java:154) [jetty-server-7.6.15.v20140411.jar:7.6.15.v20140411]
	at org.eclipse.jetty.server.handler.HandlerWrapper.handle(HandlerWrapper.java:116) [jetty-server-7.6.15.v20140411.jar:7.6.15.v20140411]
	at org.eclipse.jetty.server.Server.handle(Server.java:369) [jetty-server-7.6.15.v20140411.jar:7.6.15.v20140411]
	at org.eclipse.jetty.server.AbstractHttpConnection.handleRequest(AbstractHttpConnection.java:486) [jetty-server-7.6.15.v20140411.jar:7.6.15.v20140411]
	at org.eclipse.jetty.server.AbstractHttpConnection.headerComplete(AbstractHttpConnection.java:933) [jetty-server-7.6.15.v20140411.jar:7.6.15.v20140411]
	at org.eclipse.jetty.server.AbstractHttpConnection$RequestHandler.headerComplete(AbstractHttpConnection.java:995) [jetty-server-7.6.15.v20140411.jar:7.6.15.v20140411]
	at org.eclipse.jetty.http.HttpParser.parseNext(HttpParser.java:644) [jetty-http-7.6.15.v20140411.jar:7.6.15.v20140411]
	at org.eclipse.jetty.http.HttpParser.parseAvailable(HttpParser.java:235) [jetty-http-7.6.15.v20140411.jar:7.6.15.v20140411]
	at org.eclipse.jetty.server.AsyncHttpConnection.handle(AsyncHttpConnection.java:82) [jetty-server-7.6.15.v20140411.jar:7.6.15.v20140411]
	at org.eclipse.jetty.io.nio.SelectChannelEndPoint.handle(SelectChannelEndPoint.java:667) [jetty-io-7.6.15.v20140411.jar:7.6.15.v20140411]
	at org.eclipse.jetty.io.nio.SelectChannelEndPoint$1.run(SelectChannelEndPoint.java:52) [jetty-io-7.6.15.v20140411.jar:7.6.15.v20140411]
	at org.eclipse.jetty.util.thread.QueuedThreadPool.runJob(QueuedThreadPool.java:608) [jetty-util-7.6.15.v20140411.jar:7.6.15.v20140411]
	at org.eclipse.jetty.util.thread.QueuedThreadPool$3.run(QueuedThreadPool.java:543) [jetty-util-7.6.15.v20140411.jar:7.6.15.v20140411]
	at java.lang.Thread.run(Thread.java:745) [na:1.7.0_71]
Caused by: java.lang.IllegalArgumentException: host parameter is null
	at org.apache.commons.httpclient.HttpConnection.<init>(HttpConnection.java:206) ~[commons-httpclient-3.1.jar:na]
	at org.apache.commons.httpclient.HttpConnection.<init>(HttpConnection.java:155) ~[commons-httpclient-3.1.jar:na]
	at org.apache.commons.httpclient.SimpleHttpConnectionManager.getConnectionWithTimeout(SimpleHttpConnectionManager.java:175) ~[commons-httpclient-3.1.jar:na]
	at org.apache.commons.httpclient.HttpMethodDirector.executeMethod(HttpMethodDirector.java:153) ~[commons-httpclient-3.1.jar:na]
	at org.apache.commons.httpclient.HttpClient.executeMethod(HttpClient.java:397) ~[commons-httpclient-3.1.jar:na]
	at org.apache.commons.httpclient.HttpClient.executeMethod(HttpClient.java:323) ~[commons-httpclient-3.1.jar:na]
	at cn.meyoung.wlfz.webapi.mefp.MeFPApi.httpPost(MeFPApi.java:85) ~[classes/:na]
	... 52 common frames omitted
11:43:58.863 [main] WARN  net.sf.ehcache.DiskStorePathManager - diskStorePath '/var/folders/44/kbqf7ch91mqg72spqtzm92f00000gn/T' is already used by an existing CacheManager either in the same VM or in a different process.
The diskStore path for this CacheManager will be set to /var/folders/44/kbqf7ch91mqg72spqtzm92f00000gn/T/ehcache_auto_created937670165887408659diskstore.
To avoid this warning consider using the CacheManager factory methods to create a singleton CacheManager or specifying a separate ehcache configuration (ehcache.xml) for each CacheManager instance.
14:10:45.241 [qtp677292725-30] ERROR c.m.w.webapi.DefaultExceptionHandler - 
java.lang.Exception: java.security.InvalidKeyException: Illegal key size
	at cn.meyoung.wlfz.webapi.utils.AesUtils.encode(AesUtils.java:45) ~[classes/:na]
	at cn.meyoung.wlfz.webapi.controller.UserController.login(UserController.java:52) ~[classes/:na]
	at sun.reflect.NativeMethodAccessorImpl.invoke0(Native Method) ~[na:1.7.0_71]
	at sun.reflect.NativeMethodAccessorImpl.invoke(NativeMethodAccessorImpl.java:57) ~[na:1.7.0_71]
	at sun.reflect.DelegatingMethodAccessorImpl.invoke(DelegatingMethodAccessorImpl.java:43) ~[na:1.7.0_71]
	at java.lang.reflect.Method.invoke(Method.java:606) ~[na:1.7.0_71]
	at org.springframework.web.method.support.InvocableHandlerMethod.invoke(InvocableHandlerMethod.java:215) ~[spring-web-4.0.5.RELEASE.jar:4.0.5.RELEASE]
	at org.springframework.web.method.support.InvocableHandlerMethod.invokeForRequest(InvocableHandlerMethod.java:132) ~[spring-web-4.0.5.RELEASE.jar:4.0.5.RELEASE]
	at org.springframework.web.servlet.mvc.method.annotation.ServletInvocableHandlerMethod.invokeAndHandle(ServletInvocableHandlerMethod.java:104) ~[spring-webmvc-4.0.5.RELEASE.jar:4.0.5.RELEASE]
	at org.springframework.web.servlet.mvc.method.annotation.RequestMappingHandlerAdapter.invokeHandleMethod(RequestMappingHandlerAdapter.java:749) ~[spring-webmvc-4.0.5.RELEASE.jar:4.0.5.RELEASE]
	at org.springframework.web.servlet.mvc.method.annotation.RequestMappingHandlerAdapter.handleInternal(RequestMappingHandlerAdapter.java:689) ~[spring-webmvc-4.0.5.RELEASE.jar:4.0.5.RELEASE]
	at org.springframework.web.servlet.mvc.method.AbstractHandlerMethodAdapter.handle(AbstractHandlerMethodAdapter.java:83) ~[spring-webmvc-4.0.5.RELEASE.jar:4.0.5.RELEASE]
	at org.springframework.web.servlet.DispatcherServlet.doDispatch(DispatcherServlet.java:938) ~[spring-webmvc-4.0.5.RELEASE.jar:4.0.5.RELEASE]
	at org.springframework.web.servlet.DispatcherServlet.doService(DispatcherServlet.java:870) ~[spring-webmvc-4.0.5.RELEASE.jar:4.0.5.RELEASE]
	at org.springframework.web.servlet.FrameworkServlet.processRequest(FrameworkServlet.java:961) [spring-webmvc-4.0.5.RELEASE.jar:4.0.5.RELEASE]
	at org.springframework.web.servlet.FrameworkServlet.doPost(FrameworkServlet.java:863) [spring-webmvc-4.0.5.RELEASE.jar:4.0.5.RELEASE]
	at javax.servlet.http.HttpServlet.service(HttpServlet.java:727) [javax.servlet-2.5.0.v201103041518.jar:na]
	at org.springframework.web.servlet.FrameworkServlet.service(FrameworkServlet.java:837) [spring-webmvc-4.0.5.RELEASE.jar:4.0.5.RELEASE]
	at javax.servlet.http.HttpServlet.service(HttpServlet.java:820) [javax.servlet-2.5.0.v201103041518.jar:na]
	at org.eclipse.jetty.servlet.ServletHolder.handle(ServletHolder.java:652) [jetty-servlet-7.6.15.v20140411.jar:7.6.15.v20140411]
	at org.eclipse.jetty.servlet.ServletHandler$CachedChain.doFilter(ServletHandler.java:1317) [jetty-servlet-7.6.15.v20140411.jar:7.6.15.v20140411]
	at org.springframework.web.filter.HttpPutFormContentFilter.doFilterInternal(HttpPutFormContentFilter.java:88) [spring-web-4.0.5.RELEASE.jar:4.0.5.RELEASE]
	at org.springframework.web.filter.OncePerRequestFilter.doFilter(OncePerRequestFilter.java:107) [spring-web-4.0.5.RELEASE.jar:4.0.5.RELEASE]
	at org.eclipse.jetty.servlet.ServletHandler$CachedChain.doFilter(ServletHandler.java:1288) [jetty-servlet-7.6.15.v20140411.jar:7.6.15.v20140411]
	at com.alibaba.druid.support.http.WebStatFilter.doFilter(WebStatFilter.java:124) [druid-1.0.5.jar:1.0.5]
	at org.eclipse.jetty.servlet.ServletHandler$CachedChain.doFilter(ServletHandler.java:1288) [jetty-servlet-7.6.15.v20140411.jar:7.6.15.v20140411]
	at org.springframework.web.filter.CharacterEncodingFilter.doFilterInternal(CharacterEncodingFilter.java:88) [spring-web-4.0.5.RELEASE.jar:4.0.5.RELEASE]
	at org.springframework.web.filter.OncePerRequestFilter.doFilter(OncePerRequestFilter.java:107) [spring-web-4.0.5.RELEASE.jar:4.0.5.RELEASE]
	at org.eclipse.jetty.servlet.ServletHandler$CachedChain.doFilter(ServletHandler.java:1288) [jetty-servlet-7.6.15.v20140411.jar:7.6.15.v20140411]
	at org.eclipse.jetty.servlet.ServletHandler.doHandle(ServletHandler.java:443) [jetty-servlet-7.6.15.v20140411.jar:7.6.15.v20140411]
	at org.eclipse.jetty.server.handler.ScopedHandler.handle(ScopedHandler.java:137) [jetty-server-7.6.15.v20140411.jar:7.6.15.v20140411]
	at org.eclipse.jetty.security.SecurityHandler.handle(SecurityHandler.java:556) [jetty-security-7.6.15.v20140411.jar:7.6.15.v20140411]
	at org.eclipse.jetty.server.session.SessionHandler.doHandle(SessionHandler.java:227) [jetty-server-7.6.15.v20140411.jar:7.6.15.v20140411]
	at org.eclipse.jetty.server.handler.ContextHandler.doHandle(ContextHandler.java:1044) [jetty-server-7.6.15.v20140411.jar:7.6.15.v20140411]
	at org.eclipse.jetty.servlet.ServletHandler.doScope(ServletHandler.java:372) [jetty-servlet-7.6.15.v20140411.jar:7.6.15.v20140411]
	at org.eclipse.jetty.server.session.SessionHandler.doScope(SessionHandler.java:189) [jetty-server-7.6.15.v20140411.jar:7.6.15.v20140411]
	at org.eclipse.jetty.server.handler.ContextHandler.doScope(ContextHandler.java:978) [jetty-server-7.6.15.v20140411.jar:7.6.15.v20140411]
	at org.eclipse.jetty.server.handler.ScopedHandler.handle(ScopedHandler.java:135) [jetty-server-7.6.15.v20140411.jar:7.6.15.v20140411]
	at org.eclipse.jetty.server.handler.ContextHandlerCollection.handle(ContextHandlerCollection.java:255) [jetty-server-7.6.15.v20140411.jar:7.6.15.v20140411]
	at org.eclipse.jetty.server.handler.HandlerCollection.handle(HandlerCollection.java:154) [jetty-server-7.6.15.v20140411.jar:7.6.15.v20140411]
	at org.eclipse.jetty.server.handler.HandlerWrapper.handle(HandlerWrapper.java:116) [jetty-server-7.6.15.v20140411.jar:7.6.15.v20140411]
	at org.eclipse.jetty.server.Server.handle(Server.java:369) [jetty-server-7.6.15.v20140411.jar:7.6.15.v20140411]
	at org.eclipse.jetty.server.AbstractHttpConnection.handleRequest(AbstractHttpConnection.java:486) [jetty-server-7.6.15.v20140411.jar:7.6.15.v20140411]
	at org.eclipse.jetty.server.AbstractHttpConnection.headerComplete(AbstractHttpConnection.java:933) [jetty-server-7.6.15.v20140411.jar:7.6.15.v20140411]
	at org.eclipse.jetty.server.AbstractHttpConnection$RequestHandler.headerComplete(AbstractHttpConnection.java:995) [jetty-server-7.6.15.v20140411.jar:7.6.15.v20140411]
	at org.eclipse.jetty.http.HttpParser.parseNext(HttpParser.java:644) [jetty-http-7.6.15.v20140411.jar:7.6.15.v20140411]
	at org.eclipse.jetty.http.HttpParser.parseAvailable(HttpParser.java:235) [jetty-http-7.6.15.v20140411.jar:7.6.15.v20140411]
	at org.eclipse.jetty.server.AsyncHttpConnection.handle(AsyncHttpConnection.java:82) [jetty-server-7.6.15.v20140411.jar:7.6.15.v20140411]
	at org.eclipse.jetty.io.nio.SelectChannelEndPoint.handle(SelectChannelEndPoint.java:667) [jetty-io-7.6.15.v20140411.jar:7.6.15.v20140411]
	at org.eclipse.jetty.io.nio.SelectChannelEndPoint$1.run(SelectChannelEndPoint.java:52) [jetty-io-7.6.15.v20140411.jar:7.6.15.v20140411]
	at org.eclipse.jetty.util.thread.QueuedThreadPool.runJob(QueuedThreadPool.java:608) [jetty-util-7.6.15.v20140411.jar:7.6.15.v20140411]
	at org.eclipse.jetty.util.thread.QueuedThreadPool$3.run(QueuedThreadPool.java:543) [jetty-util-7.6.15.v20140411.jar:7.6.15.v20140411]
	at java.lang.Thread.run(Thread.java:745) [na:1.7.0_71]
Caused by: java.security.InvalidKeyException: Illegal key size
	at javax.crypto.Cipher.checkCryptoPerm(Cipher.java:1024) ~[na:1.7.0_71]
	at javax.crypto.Cipher.implInit(Cipher.java:790) ~[na:1.7.0_71]
	at javax.crypto.Cipher.chooseProvider(Cipher.java:849) ~[na:1.7.0_71]
	at javax.crypto.Cipher.init(Cipher.java:1348) ~[na:1.7.0_71]
	at javax.crypto.Cipher.init(Cipher.java:1282) ~[na:1.7.0_71]
	at cn.meyoung.wlfz.webapi.utils.AesUtils.encode(AesUtils.java:36) ~[classes/:na]
	... 52 common frames omitted
14:20:02.768 [qtp416705333-32] ERROR c.m.w.webapi.DefaultExceptionHandler - 
java.lang.Exception: java.security.InvalidKeyException: Illegal key size
	at cn.meyoung.wlfz.webapi.utils.AesUtils.encode(AesUtils.java:46) ~[classes/:na]
	at cn.meyoung.wlfz.webapi.controller.UserController.login(UserController.java:52) ~[classes/:na]
	at sun.reflect.NativeMethodAccessorImpl.invoke0(Native Method) ~[na:1.7.0_71]
	at sun.reflect.NativeMethodAccessorImpl.invoke(NativeMethodAccessorImpl.java:57) ~[na:1.7.0_71]
	at sun.reflect.DelegatingMethodAccessorImpl.invoke(DelegatingMethodAccessorImpl.java:43) ~[na:1.7.0_71]
	at java.lang.reflect.Method.invoke(Method.java:606) ~[na:1.7.0_71]
	at org.springframework.web.method.support.InvocableHandlerMethod.invoke(InvocableHandlerMethod.java:215) ~[spring-web-4.0.5.RELEASE.jar:4.0.5.RELEASE]
	at org.springframework.web.method.support.InvocableHandlerMethod.invokeForRequest(InvocableHandlerMethod.java:132) ~[spring-web-4.0.5.RELEASE.jar:4.0.5.RELEASE]
	at org.springframework.web.servlet.mvc.method.annotation.ServletInvocableHandlerMethod.invokeAndHandle(ServletInvocableHandlerMethod.java:104) ~[spring-webmvc-4.0.5.RELEASE.jar:4.0.5.RELEASE]
	at org.springframework.web.servlet.mvc.method.annotation.RequestMappingHandlerAdapter.invokeHandleMethod(RequestMappingHandlerAdapter.java:749) ~[spring-webmvc-4.0.5.RELEASE.jar:4.0.5.RELEASE]
	at org.springframework.web.servlet.mvc.method.annotation.RequestMappingHandlerAdapter.handleInternal(RequestMappingHandlerAdapter.java:689) ~[spring-webmvc-4.0.5.RELEASE.jar:4.0.5.RELEASE]
	at org.springframework.web.servlet.mvc.method.AbstractHandlerMethodAdapter.handle(AbstractHandlerMethodAdapter.java:83) ~[spring-webmvc-4.0.5.RELEASE.jar:4.0.5.RELEASE]
	at org.springframework.web.servlet.DispatcherServlet.doDispatch(DispatcherServlet.java:938) ~[spring-webmvc-4.0.5.RELEASE.jar:4.0.5.RELEASE]
	at org.springframework.web.servlet.DispatcherServlet.doService(DispatcherServlet.java:870) ~[spring-webmvc-4.0.5.RELEASE.jar:4.0.5.RELEASE]
	at org.springframework.web.servlet.FrameworkServlet.processRequest(FrameworkServlet.java:961) [spring-webmvc-4.0.5.RELEASE.jar:4.0.5.RELEASE]
	at org.springframework.web.servlet.FrameworkServlet.doPost(FrameworkServlet.java:863) [spring-webmvc-4.0.5.RELEASE.jar:4.0.5.RELEASE]
	at javax.servlet.http.HttpServlet.service(HttpServlet.java:727) [javax.servlet-2.5.0.v201103041518.jar:na]
	at org.springframework.web.servlet.FrameworkServlet.service(FrameworkServlet.java:837) [spring-webmvc-4.0.5.RELEASE.jar:4.0.5.RELEASE]
	at javax.servlet.http.HttpServlet.service(HttpServlet.java:820) [javax.servlet-2.5.0.v201103041518.jar:na]
	at org.eclipse.jetty.servlet.ServletHolder.handle(ServletHolder.java:652) [jetty-servlet-7.6.15.v20140411.jar:7.6.15.v20140411]
	at org.eclipse.jetty.servlet.ServletHandler$CachedChain.doFilter(ServletHandler.java:1317) [jetty-servlet-7.6.15.v20140411.jar:7.6.15.v20140411]
	at org.springframework.web.filter.HttpPutFormContentFilter.doFilterInternal(HttpPutFormContentFilter.java:88) [spring-web-4.0.5.RELEASE.jar:4.0.5.RELEASE]
	at org.springframework.web.filter.OncePerRequestFilter.doFilter(OncePerRequestFilter.java:107) [spring-web-4.0.5.RELEASE.jar:4.0.5.RELEASE]
	at org.eclipse.jetty.servlet.ServletHandler$CachedChain.doFilter(ServletHandler.java:1288) [jetty-servlet-7.6.15.v20140411.jar:7.6.15.v20140411]
	at com.alibaba.druid.support.http.WebStatFilter.doFilter(WebStatFilter.java:124) [druid-1.0.5.jar:1.0.5]
	at org.eclipse.jetty.servlet.ServletHandler$CachedChain.doFilter(ServletHandler.java:1288) [jetty-servlet-7.6.15.v20140411.jar:7.6.15.v20140411]
	at org.springframework.web.filter.CharacterEncodingFilter.doFilterInternal(CharacterEncodingFilter.java:88) [spring-web-4.0.5.RELEASE.jar:4.0.5.RELEASE]
	at org.springframework.web.filter.OncePerRequestFilter.doFilter(OncePerRequestFilter.java:107) [spring-web-4.0.5.RELEASE.jar:4.0.5.RELEASE]
	at org.eclipse.jetty.servlet.ServletHandler$CachedChain.doFilter(ServletHandler.java:1288) [jetty-servlet-7.6.15.v20140411.jar:7.6.15.v20140411]
	at org.eclipse.jetty.servlet.ServletHandler.doHandle(ServletHandler.java:443) [jetty-servlet-7.6.15.v20140411.jar:7.6.15.v20140411]
	at org.eclipse.jetty.server.handler.ScopedHandler.handle(ScopedHandler.java:137) [jetty-server-7.6.15.v20140411.jar:7.6.15.v20140411]
	at org.eclipse.jetty.security.SecurityHandler.handle(SecurityHandler.java:556) [jetty-security-7.6.15.v20140411.jar:7.6.15.v20140411]
	at org.eclipse.jetty.server.session.SessionHandler.doHandle(SessionHandler.java:227) [jetty-server-7.6.15.v20140411.jar:7.6.15.v20140411]
	at org.eclipse.jetty.server.handler.ContextHandler.doHandle(ContextHandler.java:1044) [jetty-server-7.6.15.v20140411.jar:7.6.15.v20140411]
	at org.eclipse.jetty.servlet.ServletHandler.doScope(ServletHandler.java:372) [jetty-servlet-7.6.15.v20140411.jar:7.6.15.v20140411]
	at org.eclipse.jetty.server.session.SessionHandler.doScope(SessionHandler.java:189) [jetty-server-7.6.15.v20140411.jar:7.6.15.v20140411]
	at org.eclipse.jetty.server.handler.ContextHandler.doScope(ContextHandler.java:978) [jetty-server-7.6.15.v20140411.jar:7.6.15.v20140411]
	at org.eclipse.jetty.server.handler.ScopedHandler.handle(ScopedHandler.java:135) [jetty-server-7.6.15.v20140411.jar:7.6.15.v20140411]
	at org.eclipse.jetty.server.handler.ContextHandlerCollection.handle(ContextHandlerCollection.java:255) [jetty-server-7.6.15.v20140411.jar:7.6.15.v20140411]
	at org.eclipse.jetty.server.handler.HandlerCollection.handle(HandlerCollection.java:154) [jetty-server-7.6.15.v20140411.jar:7.6.15.v20140411]
	at org.eclipse.jetty.server.handler.HandlerWrapper.handle(HandlerWrapper.java:116) [jetty-server-7.6.15.v20140411.jar:7.6.15.v20140411]
	at org.eclipse.jetty.server.Server.handle(Server.java:369) [jetty-server-7.6.15.v20140411.jar:7.6.15.v20140411]
	at org.eclipse.jetty.server.AbstractHttpConnection.handleRequest(AbstractHttpConnection.java:486) [jetty-server-7.6.15.v20140411.jar:7.6.15.v20140411]
	at org.eclipse.jetty.server.AbstractHttpConnection.headerComplete(AbstractHttpConnection.java:933) [jetty-server-7.6.15.v20140411.jar:7.6.15.v20140411]
	at org.eclipse.jetty.server.AbstractHttpConnection$RequestHandler.headerComplete(AbstractHttpConnection.java:995) [jetty-server-7.6.15.v20140411.jar:7.6.15.v20140411]
	at org.eclipse.jetty.http.HttpParser.parseNext(HttpParser.java:644) [jetty-http-7.6.15.v20140411.jar:7.6.15.v20140411]
	at org.eclipse.jetty.http.HttpParser.parseAvailable(HttpParser.java:235) [jetty-http-7.6.15.v20140411.jar:7.6.15.v20140411]
	at org.eclipse.jetty.server.AsyncHttpConnection.handle(AsyncHttpConnection.java:82) [jetty-server-7.6.15.v20140411.jar:7.6.15.v20140411]
	at org.eclipse.jetty.io.nio.SelectChannelEndPoint.handle(SelectChannelEndPoint.java:667) [jetty-io-7.6.15.v20140411.jar:7.6.15.v20140411]
	at org.eclipse.jetty.io.nio.SelectChannelEndPoint$1.run(SelectChannelEndPoint.java:52) [jetty-io-7.6.15.v20140411.jar:7.6.15.v20140411]
	at org.eclipse.jetty.util.thread.QueuedThreadPool.runJob(QueuedThreadPool.java:608) [jetty-util-7.6.15.v20140411.jar:7.6.15.v20140411]
	at org.eclipse.jetty.util.thread.QueuedThreadPool$3.run(QueuedThreadPool.java:543) [jetty-util-7.6.15.v20140411.jar:7.6.15.v20140411]
	at java.lang.Thread.run(Thread.java:745) [na:1.7.0_71]
Caused by: java.security.InvalidKeyException: Illegal key size
	at javax.crypto.Cipher.checkCryptoPerm(Cipher.java:1024) ~[na:1.7.0_71]
	at javax.crypto.Cipher.implInit(Cipher.java:790) ~[na:1.7.0_71]
	at javax.crypto.Cipher.chooseProvider(Cipher.java:849) ~[na:1.7.0_71]
	at javax.crypto.Cipher.init(Cipher.java:1348) ~[na:1.7.0_71]
	at javax.crypto.Cipher.init(Cipher.java:1282) ~[na:1.7.0_71]
	at cn.meyoung.wlfz.webapi.utils.AesUtils.encode(AesUtils.java:37) ~[classes/:na]
	... 52 common frames omitted
14:49:59.232 [qtp102045915-33] ERROR c.m.w.webapi.DefaultExceptionHandler - 
java.lang.Exception: javax.crypto.BadPaddingException: Given final block not properly padded
	at cn.meyoung.wlfz.webapi.utils.AesUtils.decode(AesUtils.java:76) ~[classes/:na]
	at cn.meyoung.wlfz.webapi.controller.UserController.login(UserController.java:54) ~[classes/:na]
	at sun.reflect.NativeMethodAccessorImpl.invoke0(Native Method) ~[na:1.7.0_71]
	at sun.reflect.NativeMethodAccessorImpl.invoke(NativeMethodAccessorImpl.java:57) ~[na:1.7.0_71]
	at sun.reflect.DelegatingMethodAccessorImpl.invoke(DelegatingMethodAccessorImpl.java:43) ~[na:1.7.0_71]
	at java.lang.reflect.Method.invoke(Method.java:606) ~[na:1.7.0_71]
	at org.springframework.web.method.support.InvocableHandlerMethod.invoke(InvocableHandlerMethod.java:215) ~[spring-web-4.0.5.RELEASE.jar:4.0.5.RELEASE]
	at org.springframework.web.method.support.InvocableHandlerMethod.invokeForRequest(InvocableHandlerMethod.java:132) ~[spring-web-4.0.5.RELEASE.jar:4.0.5.RELEASE]
	at org.springframework.web.servlet.mvc.method.annotation.ServletInvocableHandlerMethod.invokeAndHandle(ServletInvocableHandlerMethod.java:104) ~[spring-webmvc-4.0.5.RELEASE.jar:4.0.5.RELEASE]
	at org.springframework.web.servlet.mvc.method.annotation.RequestMappingHandlerAdapter.invokeHandleMethod(RequestMappingHandlerAdapter.java:749) ~[spring-webmvc-4.0.5.RELEASE.jar:4.0.5.RELEASE]
	at org.springframework.web.servlet.mvc.method.annotation.RequestMappingHandlerAdapter.handleInternal(RequestMappingHandlerAdapter.java:689) ~[spring-webmvc-4.0.5.RELEASE.jar:4.0.5.RELEASE]
	at org.springframework.web.servlet.mvc.method.AbstractHandlerMethodAdapter.handle(AbstractHandlerMethodAdapter.java:83) ~[spring-webmvc-4.0.5.RELEASE.jar:4.0.5.RELEASE]
	at org.springframework.web.servlet.DispatcherServlet.doDispatch(DispatcherServlet.java:938) ~[spring-webmvc-4.0.5.RELEASE.jar:4.0.5.RELEASE]
	at org.springframework.web.servlet.DispatcherServlet.doService(DispatcherServlet.java:870) ~[spring-webmvc-4.0.5.RELEASE.jar:4.0.5.RELEASE]
	at org.springframework.web.servlet.FrameworkServlet.processRequest(FrameworkServlet.java:961) [spring-webmvc-4.0.5.RELEASE.jar:4.0.5.RELEASE]
	at org.springframework.web.servlet.FrameworkServlet.doPost(FrameworkServlet.java:863) [spring-webmvc-4.0.5.RELEASE.jar:4.0.5.RELEASE]
	at javax.servlet.http.HttpServlet.service(HttpServlet.java:727) [javax.servlet-2.5.0.v201103041518.jar:na]
	at org.springframework.web.servlet.FrameworkServlet.service(FrameworkServlet.java:837) [spring-webmvc-4.0.5.RELEASE.jar:4.0.5.RELEASE]
	at javax.servlet.http.HttpServlet.service(HttpServlet.java:820) [javax.servlet-2.5.0.v201103041518.jar:na]
	at org.eclipse.jetty.servlet.ServletHolder.handle(ServletHolder.java:652) [jetty-servlet-7.6.15.v20140411.jar:7.6.15.v20140411]
	at org.eclipse.jetty.servlet.ServletHandler$CachedChain.doFilter(ServletHandler.java:1317) [jetty-servlet-7.6.15.v20140411.jar:7.6.15.v20140411]
	at org.springframework.web.filter.HttpPutFormContentFilter.doFilterInternal(HttpPutFormContentFilter.java:88) [spring-web-4.0.5.RELEASE.jar:4.0.5.RELEASE]
	at org.springframework.web.filter.OncePerRequestFilter.doFilter(OncePerRequestFilter.java:107) [spring-web-4.0.5.RELEASE.jar:4.0.5.RELEASE]
	at org.eclipse.jetty.servlet.ServletHandler$CachedChain.doFilter(ServletHandler.java:1288) [jetty-servlet-7.6.15.v20140411.jar:7.6.15.v20140411]
	at com.alibaba.druid.support.http.WebStatFilter.doFilter(WebStatFilter.java:124) [druid-1.0.5.jar:1.0.5]
	at org.eclipse.jetty.servlet.ServletHandler$CachedChain.doFilter(ServletHandler.java:1288) [jetty-servlet-7.6.15.v20140411.jar:7.6.15.v20140411]
	at org.springframework.web.filter.CharacterEncodingFilter.doFilterInternal(CharacterEncodingFilter.java:88) [spring-web-4.0.5.RELEASE.jar:4.0.5.RELEASE]
	at org.springframework.web.filter.OncePerRequestFilter.doFilter(OncePerRequestFilter.java:107) [spring-web-4.0.5.RELEASE.jar:4.0.5.RELEASE]
	at org.eclipse.jetty.servlet.ServletHandler$CachedChain.doFilter(ServletHandler.java:1288) [jetty-servlet-7.6.15.v20140411.jar:7.6.15.v20140411]
	at org.eclipse.jetty.servlet.ServletHandler.doHandle(ServletHandler.java:443) [jetty-servlet-7.6.15.v20140411.jar:7.6.15.v20140411]
	at org.eclipse.jetty.server.handler.ScopedHandler.handle(ScopedHandler.java:137) [jetty-server-7.6.15.v20140411.jar:7.6.15.v20140411]
	at org.eclipse.jetty.security.SecurityHandler.handle(SecurityHandler.java:556) [jetty-security-7.6.15.v20140411.jar:7.6.15.v20140411]
	at org.eclipse.jetty.server.session.SessionHandler.doHandle(SessionHandler.java:227) [jetty-server-7.6.15.v20140411.jar:7.6.15.v20140411]
	at org.eclipse.jetty.server.handler.ContextHandler.doHandle(ContextHandler.java:1044) [jetty-server-7.6.15.v20140411.jar:7.6.15.v20140411]
	at org.eclipse.jetty.servlet.ServletHandler.doScope(ServletHandler.java:372) [jetty-servlet-7.6.15.v20140411.jar:7.6.15.v20140411]
	at org.eclipse.jetty.server.session.SessionHandler.doScope(SessionHandler.java:189) [jetty-server-7.6.15.v20140411.jar:7.6.15.v20140411]
	at org.eclipse.jetty.server.handler.ContextHandler.doScope(ContextHandler.java:978) [jetty-server-7.6.15.v20140411.jar:7.6.15.v20140411]
	at org.eclipse.jetty.server.handler.ScopedHandler.handle(ScopedHandler.java:135) [jetty-server-7.6.15.v20140411.jar:7.6.15.v20140411]
	at org.eclipse.jetty.server.handler.ContextHandlerCollection.handle(ContextHandlerCollection.java:255) [jetty-server-7.6.15.v20140411.jar:7.6.15.v20140411]
	at org.eclipse.jetty.server.handler.HandlerCollection.handle(HandlerCollection.java:154) [jetty-server-7.6.15.v20140411.jar:7.6.15.v20140411]
	at org.eclipse.jetty.server.handler.HandlerWrapper.handle(HandlerWrapper.java:116) [jetty-server-7.6.15.v20140411.jar:7.6.15.v20140411]
	at org.eclipse.jetty.server.Server.handle(Server.java:369) [jetty-server-7.6.15.v20140411.jar:7.6.15.v20140411]
	at org.eclipse.jetty.server.AbstractHttpConnection.handleRequest(AbstractHttpConnection.java:486) [jetty-server-7.6.15.v20140411.jar:7.6.15.v20140411]
	at org.eclipse.jetty.server.AbstractHttpConnection.headerComplete(AbstractHttpConnection.java:933) [jetty-server-7.6.15.v20140411.jar:7.6.15.v20140411]
	at org.eclipse.jetty.server.AbstractHttpConnection$RequestHandler.headerComplete(AbstractHttpConnection.java:995) [jetty-server-7.6.15.v20140411.jar:7.6.15.v20140411]
	at org.eclipse.jetty.http.HttpParser.parseNext(HttpParser.java:644) [jetty-http-7.6.15.v20140411.jar:7.6.15.v20140411]
	at org.eclipse.jetty.http.HttpParser.parseAvailable(HttpParser.java:235) [jetty-http-7.6.15.v20140411.jar:7.6.15.v20140411]
	at org.eclipse.jetty.server.AsyncHttpConnection.handle(AsyncHttpConnection.java:82) [jetty-server-7.6.15.v20140411.jar:7.6.15.v20140411]
	at org.eclipse.jetty.io.nio.SelectChannelEndPoint.handle(SelectChannelEndPoint.java:667) [jetty-io-7.6.15.v20140411.jar:7.6.15.v20140411]
	at org.eclipse.jetty.io.nio.SelectChannelEndPoint$1.run(SelectChannelEndPoint.java:52) [jetty-io-7.6.15.v20140411.jar:7.6.15.v20140411]
	at org.eclipse.jetty.util.thread.QueuedThreadPool.runJob(QueuedThreadPool.java:608) [jetty-util-7.6.15.v20140411.jar:7.6.15.v20140411]
	at org.eclipse.jetty.util.thread.QueuedThreadPool$3.run(QueuedThreadPool.java:543) [jetty-util-7.6.15.v20140411.jar:7.6.15.v20140411]
	at java.lang.Thread.run(Thread.java:745) [na:1.7.0_71]
Caused by: javax.crypto.BadPaddingException: Given final block not properly padded
	at com.sun.crypto.provider.CipherCore.doFinal(CipherCore.java:811) ~[sunjce_provider.jar:1.7.0_80]
	at com.sun.crypto.provider.CipherCore.doFinal(CipherCore.java:676) ~[sunjce_provider.jar:1.7.0_80]
	at com.sun.crypto.provider.AESCipher.engineDoFinal(AESCipher.java:313) ~[sunjce_provider.jar:1.7.0_80]
	at javax.crypto.Cipher.doFinal(Cipher.java:2087) ~[na:1.7.0_71]
	at cn.meyoung.wlfz.webapi.utils.AesUtils.decode(AesUtils.java:70) ~[classes/:na]
	... 52 common frames omitted
15:43:27.367 [main] WARN  net.sf.ehcache.DiskStorePathManager - diskStorePath '/var/folders/44/kbqf7ch91mqg72spqtzm92f00000gn/T' is already used by an existing CacheManager either in the same VM or in a different process.
The diskStore path for this CacheManager will be set to /var/folders/44/kbqf7ch91mqg72spqtzm92f00000gn/T/ehcache_auto_created5101969722031370710diskstore.
To avoid this warning consider using the CacheManager factory methods to create a singleton CacheManager or specifying a separate ehcache configuration (ehcache.xml) for each CacheManager instance.
15:46:04.989 [qtp331802135-30] ERROR c.m.w.webapi.DefaultExceptionHandler - 
java.lang.Exception: java.security.InvalidKeyException: Illegal key size
	at cn.meyoung.wlfz.webapi.utils.AesUtils.decode(AesUtils.java:78) ~[classes/:na]
	at cn.meyoung.wlfz.webapi.controller.UserController.login(UserController.java:54) ~[classes/:na]
	at sun.reflect.NativeMethodAccessorImpl.invoke0(Native Method) ~[na:1.7.0_71]
	at sun.reflect.NativeMethodAccessorImpl.invoke(NativeMethodAccessorImpl.java:57) ~[na:1.7.0_71]
	at sun.reflect.DelegatingMethodAccessorImpl.invoke(DelegatingMethodAccessorImpl.java:43) ~[na:1.7.0_71]
	at java.lang.reflect.Method.invoke(Method.java:606) ~[na:1.7.0_71]
	at org.springframework.web.method.support.InvocableHandlerMethod.invoke(InvocableHandlerMethod.java:215) ~[spring-web-4.0.5.RELEASE.jar:4.0.5.RELEASE]
	at org.springframework.web.method.support.InvocableHandlerMethod.invokeForRequest(InvocableHandlerMethod.java:132) ~[spring-web-4.0.5.RELEASE.jar:4.0.5.RELEASE]
	at org.springframework.web.servlet.mvc.method.annotation.ServletInvocableHandlerMethod.invokeAndHandle(ServletInvocableHandlerMethod.java:104) ~[spring-webmvc-4.0.5.RELEASE.jar:4.0.5.RELEASE]
	at org.springframework.web.servlet.mvc.method.annotation.RequestMappingHandlerAdapter.invokeHandleMethod(RequestMappingHandlerAdapter.java:749) ~[spring-webmvc-4.0.5.RELEASE.jar:4.0.5.RELEASE]
	at org.springframework.web.servlet.mvc.method.annotation.RequestMappingHandlerAdapter.handleInternal(RequestMappingHandlerAdapter.java:689) ~[spring-webmvc-4.0.5.RELEASE.jar:4.0.5.RELEASE]
	at org.springframework.web.servlet.mvc.method.AbstractHandlerMethodAdapter.handle(AbstractHandlerMethodAdapter.java:83) ~[spring-webmvc-4.0.5.RELEASE.jar:4.0.5.RELEASE]
	at org.springframework.web.servlet.DispatcherServlet.doDispatch(DispatcherServlet.java:938) ~[spring-webmvc-4.0.5.RELEASE.jar:4.0.5.RELEASE]
	at org.springframework.web.servlet.DispatcherServlet.doService(DispatcherServlet.java:870) ~[spring-webmvc-4.0.5.RELEASE.jar:4.0.5.RELEASE]
	at org.springframework.web.servlet.FrameworkServlet.processRequest(FrameworkServlet.java:961) [spring-webmvc-4.0.5.RELEASE.jar:4.0.5.RELEASE]
	at org.springframework.web.servlet.FrameworkServlet.doPost(FrameworkServlet.java:863) [spring-webmvc-4.0.5.RELEASE.jar:4.0.5.RELEASE]
	at javax.servlet.http.HttpServlet.service(HttpServlet.java:727) [javax.servlet-2.5.0.v201103041518.jar:na]
	at org.springframework.web.servlet.FrameworkServlet.service(FrameworkServlet.java:837) [spring-webmvc-4.0.5.RELEASE.jar:4.0.5.RELEASE]
	at javax.servlet.http.HttpServlet.service(HttpServlet.java:820) [javax.servlet-2.5.0.v201103041518.jar:na]
	at org.eclipse.jetty.servlet.ServletHolder.handle(ServletHolder.java:652) [jetty-servlet-7.6.15.v20140411.jar:7.6.15.v20140411]
	at org.eclipse.jetty.servlet.ServletHandler$CachedChain.doFilter(ServletHandler.java:1317) [jetty-servlet-7.6.15.v20140411.jar:7.6.15.v20140411]
	at org.springframework.web.filter.HttpPutFormContentFilter.doFilterInternal(HttpPutFormContentFilter.java:88) [spring-web-4.0.5.RELEASE.jar:4.0.5.RELEASE]
	at org.springframework.web.filter.OncePerRequestFilter.doFilter(OncePerRequestFilter.java:107) [spring-web-4.0.5.RELEASE.jar:4.0.5.RELEASE]
	at org.eclipse.jetty.servlet.ServletHandler$CachedChain.doFilter(ServletHandler.java:1288) [jetty-servlet-7.6.15.v20140411.jar:7.6.15.v20140411]
	at com.alibaba.druid.support.http.WebStatFilter.doFilter(WebStatFilter.java:124) [druid-1.0.5.jar:1.0.5]
	at org.eclipse.jetty.servlet.ServletHandler$CachedChain.doFilter(ServletHandler.java:1288) [jetty-servlet-7.6.15.v20140411.jar:7.6.15.v20140411]
	at org.springframework.web.filter.CharacterEncodingFilter.doFilterInternal(CharacterEncodingFilter.java:88) [spring-web-4.0.5.RELEASE.jar:4.0.5.RELEASE]
	at org.springframework.web.filter.OncePerRequestFilter.doFilter(OncePerRequestFilter.java:107) [spring-web-4.0.5.RELEASE.jar:4.0.5.RELEASE]
	at org.eclipse.jetty.servlet.ServletHandler$CachedChain.doFilter(ServletHandler.java:1288) [jetty-servlet-7.6.15.v20140411.jar:7.6.15.v20140411]
	at org.eclipse.jetty.servlet.ServletHandler.doHandle(ServletHandler.java:443) [jetty-servlet-7.6.15.v20140411.jar:7.6.15.v20140411]
	at org.eclipse.jetty.server.handler.ScopedHandler.handle(ScopedHandler.java:137) [jetty-server-7.6.15.v20140411.jar:7.6.15.v20140411]
	at org.eclipse.jetty.security.SecurityHandler.handle(SecurityHandler.java:556) [jetty-security-7.6.15.v20140411.jar:7.6.15.v20140411]
	at org.eclipse.jetty.server.session.SessionHandler.doHandle(SessionHandler.java:227) [jetty-server-7.6.15.v20140411.jar:7.6.15.v20140411]
	at org.eclipse.jetty.server.handler.ContextHandler.doHandle(ContextHandler.java:1044) [jetty-server-7.6.15.v20140411.jar:7.6.15.v20140411]
	at org.eclipse.jetty.servlet.ServletHandler.doScope(ServletHandler.java:372) [jetty-servlet-7.6.15.v20140411.jar:7.6.15.v20140411]
	at org.eclipse.jetty.server.session.SessionHandler.doScope(SessionHandler.java:189) [jetty-server-7.6.15.v20140411.jar:7.6.15.v20140411]
	at org.eclipse.jetty.server.handler.ContextHandler.doScope(ContextHandler.java:978) [jetty-server-7.6.15.v20140411.jar:7.6.15.v20140411]
	at org.eclipse.jetty.server.handler.ScopedHandler.handle(ScopedHandler.java:135) [jetty-server-7.6.15.v20140411.jar:7.6.15.v20140411]
	at org.eclipse.jetty.server.handler.ContextHandlerCollection.handle(ContextHandlerCollection.java:255) [jetty-server-7.6.15.v20140411.jar:7.6.15.v20140411]
	at org.eclipse.jetty.server.handler.HandlerCollection.handle(HandlerCollection.java:154) [jetty-server-7.6.15.v20140411.jar:7.6.15.v20140411]
	at org.eclipse.jetty.server.handler.HandlerWrapper.handle(HandlerWrapper.java:116) [jetty-server-7.6.15.v20140411.jar:7.6.15.v20140411]
	at org.eclipse.jetty.server.Server.handle(Server.java:369) [jetty-server-7.6.15.v20140411.jar:7.6.15.v20140411]
	at org.eclipse.jetty.server.AbstractHttpConnection.handleRequest(AbstractHttpConnection.java:486) [jetty-server-7.6.15.v20140411.jar:7.6.15.v20140411]
	at org.eclipse.jetty.server.AbstractHttpConnection.headerComplete(AbstractHttpConnection.java:933) [jetty-server-7.6.15.v20140411.jar:7.6.15.v20140411]
	at org.eclipse.jetty.server.AbstractHttpConnection$RequestHandler.headerComplete(AbstractHttpConnection.java:995) [jetty-server-7.6.15.v20140411.jar:7.6.15.v20140411]
	at org.eclipse.jetty.http.HttpParser.parseNext(HttpParser.java:644) [jetty-http-7.6.15.v20140411.jar:7.6.15.v20140411]
	at org.eclipse.jetty.http.HttpParser.parseAvailable(HttpParser.java:235) [jetty-http-7.6.15.v20140411.jar:7.6.15.v20140411]
	at org.eclipse.jetty.server.AsyncHttpConnection.handle(AsyncHttpConnection.java:82) [jetty-server-7.6.15.v20140411.jar:7.6.15.v20140411]
	at org.eclipse.jetty.io.nio.SelectChannelEndPoint.handle(SelectChannelEndPoint.java:667) [jetty-io-7.6.15.v20140411.jar:7.6.15.v20140411]
	at org.eclipse.jetty.io.nio.SelectChannelEndPoint$1.run(SelectChannelEndPoint.java:52) [jetty-io-7.6.15.v20140411.jar:7.6.15.v20140411]
	at org.eclipse.jetty.util.thread.QueuedThreadPool.runJob(QueuedThreadPool.java:608) [jetty-util-7.6.15.v20140411.jar:7.6.15.v20140411]
	at org.eclipse.jetty.util.thread.QueuedThreadPool$3.run(QueuedThreadPool.java:543) [jetty-util-7.6.15.v20140411.jar:7.6.15.v20140411]
	at java.lang.Thread.run(Thread.java:745) [na:1.7.0_71]
Caused by: java.security.InvalidKeyException: Illegal key size
	at javax.crypto.Cipher.checkCryptoPerm(Cipher.java:1024) ~[na:1.7.0_71]
	at javax.crypto.Cipher.implInit(Cipher.java:790) ~[na:1.7.0_71]
	at javax.crypto.Cipher.chooseProvider(Cipher.java:849) ~[na:1.7.0_71]
	at javax.crypto.Cipher.init(Cipher.java:1348) ~[na:1.7.0_71]
	at javax.crypto.Cipher.init(Cipher.java:1282) ~[na:1.7.0_71]
	at cn.meyoung.wlfz.webapi.utils.AesUtils.decode(AesUtils.java:66) ~[classes/:na]
	... 52 common frames omitted
